<?xml version="1.0" encoding="UTF-8"?>
<robot generator="Robot 7.1 (Python 3.12.6 on win32)" generated="2024-09-28T17:21:15.324465" rpa="false" schemaversion="5">
<suite id="s1" name="SmokeTest" source="C:\Users\d.kaneriya\IdeaProjects\RobotFramework\SmokeTesting\tests\SmokeTest.robot">
<test id="s1-t1" name="Homepage is displayed" line="12">
<kw name="Begin Web Test" owner="Common" type="SETUP">
<kw name="Open Browser" owner="SeleniumLibrary">
<msg time="2024-09-28T17:21:15.751245" level="INFO">Opening browser 'chrome' to base url 'about:blank'.</msg>
<arg>about:blank</arg>
<arg>chrome</arg>
<doc>Opens a new browser instance to the optional ``url``.</doc>
<status status="PASS" start="2024-09-28T17:21:15.751245" elapsed="1.895081"/>
</kw>
<kw name="Maximize Browser Window" owner="SeleniumLibrary">
<doc>Maximizes current browser window.</doc>
<status status="PASS" start="2024-09-28T17:21:17.646326" elapsed="0.031116"/>
</kw>
<kw name="Set Selenium Timeout" owner="SeleniumLibrary">
<arg>10s</arg>
<doc>Sets the timeout that is used by various keywords.</doc>
<status status="PASS" start="2024-09-28T17:21:17.678373" elapsed="0.000000"/>
</kw>
<status status="PASS" start="2024-09-28T17:21:15.751245" elapsed="1.927128"/>
</kw>
<kw name="Open Homepage" owner="Tulip">
<kw name="Load" owner="LandingPage">
<kw name="Go To" owner="SeleniumLibrary">
<msg time="2024-09-28T17:21:17.682617" level="INFO">Opening url 'https://storefront:fpg2022@development.tulipcremation.com/'</msg>
<arg>https://storefront:fpg2022@development.tulipcremation.com/</arg>
<doc>Navigates the current browser window to the provided ``url``.</doc>
<status status="PASS" start="2024-09-28T17:21:17.682130" elapsed="3.462441"/>
</kw>
<kw name="Click Link" owner="SeleniumLibrary">
<msg time="2024-09-28T17:21:21.145573" level="INFO">Clicking link 'Accept Without Tracking'.</msg>
<arg>Accept Without Tracking</arg>
<doc>Clicks a link identified by ``locator``.</doc>
<status status="PASS" start="2024-09-28T17:21:21.144571" elapsed="0.075582"/>
</kw>
<status status="PASS" start="2024-09-28T17:21:17.681116" elapsed="3.539037"/>
</kw>
<kw name="Verify Page Loaded" owner="LandingPage">
<kw name="Wait Until Page Contains" owner="SeleniumLibrary">
<arg>Cremation Services Your Family Can Trust</arg>
<doc>Waits until ``text`` appears on the current page.</doc>
<status status="PASS" start="2024-09-28T17:21:21.221156" elapsed="0.017841"/>
</kw>
<status status="PASS" start="2024-09-28T17:21:21.220153" elapsed="0.019851"/>
</kw>
<status status="PASS" start="2024-09-28T17:21:17.678373" elapsed="3.561631"/>
</kw>
<kw name="End Web Test" owner="Common" type="TEARDOWN">
<kw name="Close All Browsers" owner="SeleniumLibrary">
<doc>Closes all open browsers and resets the browser cache.</doc>
<status status="PASS" start="2024-09-28T17:21:21.241003" elapsed="6.206257"/>
</kw>
<status status="PASS" start="2024-09-28T17:21:21.240004" elapsed="6.207256"/>
</kw>
<status status="PASS" start="2024-09-28T17:21:15.751245" elapsed="11.697038"/>
</test>
<test id="s1-t2" name="Global Header Links are working" line="15">
<kw name="Begin Web Test" owner="Common" type="SETUP">
<kw name="Open Browser" owner="SeleniumLibrary">
<msg time="2024-09-28T17:21:27.449281" level="INFO">Opening browser 'chrome' to base url 'about:blank'.</msg>
<arg>about:blank</arg>
<arg>chrome</arg>
<doc>Opens a new browser instance to the optional ``url``.</doc>
<status status="PASS" start="2024-09-28T17:21:27.449281" elapsed="1.875976"/>
</kw>
<kw name="Maximize Browser Window" owner="SeleniumLibrary">
<doc>Maximizes current browser window.</doc>
<status status="PASS" start="2024-09-28T17:21:29.325834" elapsed="0.034739"/>
</kw>
<kw name="Set Selenium Timeout" owner="SeleniumLibrary">
<arg>10s</arg>
<doc>Sets the timeout that is used by various keywords.</doc>
<status status="PASS" start="2024-09-28T17:21:29.361033" elapsed="0.000000"/>
</kw>
<status status="PASS" start="2024-09-28T17:21:27.449281" elapsed="1.911752"/>
</kw>
<kw name="Open Homepage" owner="Tulip">
<kw name="Load" owner="LandingPage">
<kw name="Go To" owner="SeleniumLibrary">
<msg time="2024-09-28T17:21:29.361033" level="INFO">Opening url 'https://storefront:fpg2022@development.tulipcremation.com/'</msg>
<arg>https://storefront:fpg2022@development.tulipcremation.com/</arg>
<doc>Navigates the current browser window to the provided ``url``.</doc>
<status status="PASS" start="2024-09-28T17:21:29.361033" elapsed="2.733566"/>
</kw>
<kw name="Click Link" owner="SeleniumLibrary">
<msg time="2024-09-28T17:21:32.095136" level="INFO">Clicking link 'Accept Without Tracking'.</msg>
<arg>Accept Without Tracking</arg>
<doc>Clicks a link identified by ``locator``.</doc>
<status status="PASS" start="2024-09-28T17:21:32.094599" elapsed="0.077569"/>
</kw>
<status status="PASS" start="2024-09-28T17:21:29.361033" elapsed="2.811135"/>
</kw>
<kw name="Verify Page Loaded" owner="LandingPage">
<kw name="Wait Until Page Contains" owner="SeleniumLibrary">
<arg>Cremation Services Your Family Can Trust</arg>
<doc>Waits until ``text`` appears on the current page.</doc>
<status status="PASS" start="2024-09-28T17:21:32.173177" elapsed="0.014599"/>
</kw>
<status status="PASS" start="2024-09-28T17:21:32.172168" elapsed="0.015608"/>
</kw>
<status status="PASS" start="2024-09-28T17:21:29.361033" elapsed="2.826743"/>
</kw>
<kw name="Verify Global Header Links" owner="Tulip">
<kw name="Verify All Header Links Work" owner="GlobalHeader">
<kw name="Get WebElements" owner="SeleniumLibrary">
<msg time="2024-09-28T17:21:32.200757" level="INFO">${links} = [&lt;selenium.webdriver.remote.webelement.WebElement (session="ef7b8822baec55d84ee71af939c2a056", element="f.66B68A893DFB8E221CD4116EAE5FEB5A.d.C7C634C9769BFB66EA81512FBAD9F636.e.377")&gt;, &lt;selenium.webdri...</msg>
<var>${links}</var>
<arg>${headerLinks}</arg>
<doc>Returns a list of WebElement objects matching the ``locator``.</doc>
<status status="PASS" start="2024-09-28T17:21:32.188819" elapsed="0.011938"/>
</kw>
<kw name="Get Length" owner="BuiltIn">
<msg time="2024-09-28T17:21:32.200757" level="INFO">Length is 26.</msg>
<msg time="2024-09-28T17:21:32.200757" level="INFO">${link_count} = 26</msg>
<var>${link_count}</var>
<arg>${links}</arg>
<doc>Returns and logs the length of the given item as an integer.</doc>
<status status="PASS" start="2024-09-28T17:21:32.200757" elapsed="0.000000"/>
</kw>
<kw name="Log" owner="BuiltIn">
<msg time="2024-09-28T17:21:32.201709" level="INFO">Found 26 header links.</msg>
<arg>Found ${link_count} header links.</arg>
<doc>Logs the given message with the given level.</doc>
<status status="PASS" start="2024-09-28T17:21:32.200757" elapsed="0.000952"/>
</kw>
<for flavor="IN">
<iter>
<kw name="Get Element Attribute" owner="SeleniumLibrary">
<msg time="2024-09-28T17:21:32.209351" level="INFO">${href} = https://development.tulipcremation.com/</msg>
<var>${href}</var>
<arg>${link}</arg>
<arg>href</arg>
<doc>Returns the value of ``attribute`` from the element ``locator``.</doc>
<status status="PASS" start="2024-09-28T17:21:32.201709" elapsed="0.008603"/>
</kw>
<kw name="Log" owner="BuiltIn">
<msg time="2024-09-28T17:21:32.210312" level="INFO">Checking link: https://development.tulipcremation.com/</msg>
<arg>Checking link: ${href}</arg>
<doc>Logs the given message with the given level.</doc>
<status status="PASS" start="2024-09-28T17:21:32.210312" elapsed="0.000000"/>
</kw>
<if>
<branch type="IF" condition="'${href}'.startswith('tel:')">
<continue>
<status status="NOT RUN" start="2024-09-28T17:21:32.210312" elapsed="0.000000"/>
</continue>
<status status="NOT RUN" start="2024-09-28T17:21:32.210312" elapsed="0.000000"/>
</branch>
<status status="PASS" start="2024-09-28T17:21:32.210312" elapsed="0.000000"/>
</if>
<kw name="Execute Javascript" owner="SeleniumLibrary">
<msg time="2024-09-28T17:21:32.211312" level="INFO">Executing JavaScript:
window.open("https://development.tulipcremation.com/", "_blank")
Without any arguments.</msg>
<arg>window.open("${href}", "_blank")</arg>
<doc>Executes the given JavaScript code with possible arguments.</doc>
<status status="PASS" start="2024-09-28T17:21:32.210312" elapsed="0.046739"/>
</kw>
<kw name="Switch Window" owner="SeleniumLibrary">
<arg>new</arg>
<doc>Switches to browser window matching ``locator``.</doc>
<status status="PASS" start="2024-09-28T17:21:32.257051" elapsed="0.013022"/>
</kw>
<kw name="Sleep" owner="BuiltIn">
<msg time="2024-09-28T17:21:35.271080" level="INFO">Slept 3 seconds.</msg>
<arg>3</arg>
<doc>Pauses the test executed for the given time.</doc>
<status status="PASS" start="2024-09-28T17:21:32.270073" elapsed="3.001007"/>
</kw>
<kw name="Get Location" owner="SeleniumLibrary">
<msg time="2024-09-28T17:21:36.020399" level="INFO">${current_url} = https://development.tulipcremation.com/</msg>
<var>${current_url}</var>
<doc>Returns the current browser window URL.</doc>
<status status="PASS" start="2024-09-28T17:21:35.271080" elapsed="0.749319"/>
</kw>
<kw name="Log" owner="BuiltIn">
<msg time="2024-09-28T17:21:36.021398" level="INFO">Current URL: https://development.tulipcremation.com/</msg>
<arg>Current URL: ${current_url}</arg>
<doc>Logs the given message with the given level.</doc>
<status status="PASS" start="2024-09-28T17:21:36.021398" elapsed="0.000000"/>
</kw>
<kw name="Should Contain" owner="BuiltIn">
<arg>${current_url}</arg>
<arg>${href}</arg>
<doc>Fails if ``container`` does not contain ``item`` one or more times.</doc>
<status status="PASS" start="2024-09-28T17:21:36.021398" elapsed="0.000000"/>
</kw>
<kw name="Close Window" owner="SeleniumLibrary">
<doc>Closes currently opened and selected browser window/tab.</doc>
<status status="PASS" start="2024-09-28T17:21:36.021398" elapsed="0.067878"/>
</kw>
<kw name="Switch Window" owner="SeleniumLibrary">
<arg>main</arg>
<doc>Switches to browser window matching ``locator``.</doc>
<status status="PASS" start="2024-09-28T17:21:36.089276" elapsed="0.008128"/>
</kw>
<var name="${link}">&lt;selenium.webdriver.remote.webelement.WebElement (session="ef7b8822baec55d84ee71af939c2a056", element="f.66B68A893DFB8E221CD4116EAE5FEB5A.d.C7C634C9769BFB66EA81512FBAD9F636.e.377")&gt;</var>
<status status="PASS" start="2024-09-28T17:21:32.201709" elapsed="3.895695"/>
</iter>
<iter>
<kw name="Get Element Attribute" owner="SeleniumLibrary">
<msg time="2024-09-28T17:21:36.112809" level="INFO">${href} = https://development.tulipcremation.com/our-services.html</msg>
<var>${href}</var>
<arg>${link}</arg>
<arg>href</arg>
<doc>Returns the value of ``attribute`` from the element ``locator``.</doc>
<status status="PASS" start="2024-09-28T17:21:36.099413" elapsed="0.013396"/>
</kw>
<kw name="Log" owner="BuiltIn">
<msg time="2024-09-28T17:21:36.112809" level="INFO">Checking link: https://development.tulipcremation.com/our-services.html</msg>
<arg>Checking link: ${href}</arg>
<doc>Logs the given message with the given level.</doc>
<status status="PASS" start="2024-09-28T17:21:36.112809" elapsed="0.000000"/>
</kw>
<if>
<branch type="IF" condition="'${href}'.startswith('tel:')">
<continue>
<status status="NOT RUN" start="2024-09-28T17:21:36.112809" elapsed="0.000000"/>
</continue>
<status status="NOT RUN" start="2024-09-28T17:21:36.112809" elapsed="0.000000"/>
</branch>
<status status="PASS" start="2024-09-28T17:21:36.112809" elapsed="0.000000"/>
</if>
<kw name="Execute Javascript" owner="SeleniumLibrary">
<msg time="2024-09-28T17:21:36.113810" level="INFO">Executing JavaScript:
window.open("https://development.tulipcremation.com/our-services.html", "_blank")
Without any arguments.</msg>
<arg>window.open("${href}", "_blank")</arg>
<doc>Executes the given JavaScript code with possible arguments.</doc>
<status status="PASS" start="2024-09-28T17:21:36.112809" elapsed="0.036808"/>
</kw>
<kw name="Switch Window" owner="SeleniumLibrary">
<arg>new</arg>
<doc>Switches to browser window matching ``locator``.</doc>
<status status="PASS" start="2024-09-28T17:21:36.149617" elapsed="0.011788"/>
</kw>
<kw name="Sleep" owner="BuiltIn">
<msg time="2024-09-28T17:21:39.161810" level="INFO">Slept 3 seconds.</msg>
<arg>3</arg>
<doc>Pauses the test executed for the given time.</doc>
<status status="PASS" start="2024-09-28T17:21:36.161405" elapsed="3.000405"/>
</kw>
<kw name="Get Location" owner="SeleniumLibrary">
<msg time="2024-09-28T17:21:39.169873" level="INFO">${current_url} = https://development.tulipcremation.com/our-services.html</msg>
<var>${current_url}</var>
<doc>Returns the current browser window URL.</doc>
<status status="PASS" start="2024-09-28T17:21:39.161810" elapsed="0.008063"/>
</kw>
<kw name="Log" owner="BuiltIn">
<msg time="2024-09-28T17:21:39.169873" level="INFO">Current URL: https://development.tulipcremation.com/our-services.html</msg>
<arg>Current URL: ${current_url}</arg>
<doc>Logs the given message with the given level.</doc>
<status status="PASS" start="2024-09-28T17:21:39.169873" elapsed="0.000000"/>
</kw>
<kw name="Should Contain" owner="BuiltIn">
<arg>${current_url}</arg>
<arg>${href}</arg>
<doc>Fails if ``container`` does not contain ``item`` one or more times.</doc>
<status status="PASS" start="2024-09-28T17:21:39.169873" elapsed="0.000000"/>
</kw>
<kw name="Close Window" owner="SeleniumLibrary">
<doc>Closes currently opened and selected browser window/tab.</doc>
<status status="PASS" start="2024-09-28T17:21:39.169873" elapsed="0.069188"/>
</kw>
<kw name="Switch Window" owner="SeleniumLibrary">
<arg>main</arg>
<doc>Switches to browser window matching ``locator``.</doc>
<status status="PASS" start="2024-09-28T17:21:39.240062" elapsed="0.010536"/>
</kw>
<var name="${link}">&lt;selenium.webdriver.remote.webelement.WebElement (session="ef7b8822baec55d84ee71af939c2a056", element="f.66B68A893DFB8E221CD4116EAE5FEB5A.d.C7C634C9769BFB66EA81512FBAD9F636.e.396")&gt;</var>
<status status="PASS" start="2024-09-28T17:21:36.098416" elapsed="3.152182"/>
</iter>
<iter>
<kw name="Get Element Attribute" owner="SeleniumLibrary">
<msg time="2024-09-28T17:21:39.267151" level="INFO">${href} = https://development.tulipcremation.com/immediate-need.html</msg>
<var>${href}</var>
<arg>${link}</arg>
<arg>href</arg>
<doc>Returns the value of ``attribute`` from the element ``locator``.</doc>
<status status="PASS" start="2024-09-28T17:21:39.250598" elapsed="0.016553"/>
</kw>
<kw name="Log" owner="BuiltIn">
<msg time="2024-09-28T17:21:39.267151" level="INFO">Checking link: https://development.tulipcremation.com/immediate-need.html</msg>
<arg>Checking link: ${href}</arg>
<doc>Logs the given message with the given level.</doc>
<status status="PASS" start="2024-09-28T17:21:39.267151" elapsed="0.000000"/>
</kw>
<if>
<branch type="IF" condition="'${href}'.startswith('tel:')">
<continue>
<status status="NOT RUN" start="2024-09-28T17:21:39.267151" elapsed="0.000000"/>
</continue>
<status status="NOT RUN" start="2024-09-28T17:21:39.267151" elapsed="0.000000"/>
</branch>
<status status="PASS" start="2024-09-28T17:21:39.267151" elapsed="0.000000"/>
</if>
<kw name="Execute Javascript" owner="SeleniumLibrary">
<msg time="2024-09-28T17:21:39.267151" level="INFO">Executing JavaScript:
window.open("https://development.tulipcremation.com/immediate-need.html", "_blank")
Without any arguments.</msg>
<arg>window.open("${href}", "_blank")</arg>
<doc>Executes the given JavaScript code with possible arguments.</doc>
<status status="PASS" start="2024-09-28T17:21:39.267151" elapsed="0.050778"/>
</kw>
<kw name="Switch Window" owner="SeleniumLibrary">
<arg>new</arg>
<doc>Switches to browser window matching ``locator``.</doc>
<status status="PASS" start="2024-09-28T17:21:39.318013" elapsed="0.006671"/>
</kw>
<kw name="Sleep" owner="BuiltIn">
<msg time="2024-09-28T17:21:42.325102" level="INFO">Slept 3 seconds.</msg>
<arg>3</arg>
<doc>Pauses the test executed for the given time.</doc>
<status status="PASS" start="2024-09-28T17:21:39.324684" elapsed="3.000418"/>
</kw>
<kw name="Get Location" owner="SeleniumLibrary">
<msg time="2024-09-28T17:21:42.325102" level="INFO">${current_url} = https://development.tulipcremation.com/immediate-need.html</msg>
<var>${current_url}</var>
<doc>Returns the current browser window URL.</doc>
<status status="PASS" start="2024-09-28T17:21:42.325102" elapsed="0.000000"/>
</kw>
<kw name="Log" owner="BuiltIn">
<msg time="2024-09-28T17:21:42.325102" level="INFO">Current URL: https://development.tulipcremation.com/immediate-need.html</msg>
<arg>Current URL: ${current_url}</arg>
<doc>Logs the given message with the given level.</doc>
<status status="PASS" start="2024-09-28T17:21:42.325102" elapsed="0.000000"/>
</kw>
<kw name="Should Contain" owner="BuiltIn">
<arg>${current_url}</arg>
<arg>${href}</arg>
<doc>Fails if ``container`` does not contain ``item`` one or more times.</doc>
<status status="PASS" start="2024-09-28T17:21:42.325102" elapsed="0.000000"/>
</kw>
<kw name="Close Window" owner="SeleniumLibrary">
<doc>Closes currently opened and selected browser window/tab.</doc>
<status status="PASS" start="2024-09-28T17:21:42.325102" elapsed="0.068863"/>
</kw>
<kw name="Switch Window" owner="SeleniumLibrary">
<arg>main</arg>
<doc>Switches to browser window matching ``locator``.</doc>
<status status="PASS" start="2024-09-28T17:21:42.394978" elapsed="0.010004"/>
</kw>
<var name="${link}">&lt;selenium.webdriver.remote.webelement.WebElement (session="ef7b8822baec55d84ee71af939c2a056", element="f.66B68A893DFB8E221CD4116EAE5FEB5A.d.C7C634C9769BFB66EA81512FBAD9F636.e.415")&gt;</var>
<status status="PASS" start="2024-09-28T17:21:39.250598" elapsed="3.154384"/>
</iter>
<iter>
<kw name="Get Element Attribute" owner="SeleniumLibrary">
<msg time="2024-09-28T17:21:42.428381" level="INFO">${href} = https://development.tulipcremation.com/imminent-need.html</msg>
<var>${href}</var>
<arg>${link}</arg>
<arg>href</arg>
<doc>Returns the value of ``attribute`` from the element ``locator``.</doc>
<status status="PASS" start="2024-09-28T17:21:42.405978" elapsed="0.022403"/>
</kw>
<kw name="Log" owner="BuiltIn">
<msg time="2024-09-28T17:21:42.428381" level="INFO">Checking link: https://development.tulipcremation.com/imminent-need.html</msg>
<arg>Checking link: ${href}</arg>
<doc>Logs the given message with the given level.</doc>
<status status="PASS" start="2024-09-28T17:21:42.428381" elapsed="0.000996"/>
</kw>
<if>
<branch type="IF" condition="'${href}'.startswith('tel:')">
<continue>
<status status="NOT RUN" start="2024-09-28T17:21:42.429377" elapsed="0.000000"/>
</continue>
<status status="NOT RUN" start="2024-09-28T17:21:42.429377" elapsed="0.000000"/>
</branch>
<status status="PASS" start="2024-09-28T17:21:42.429377" elapsed="0.000000"/>
</if>
<kw name="Execute Javascript" owner="SeleniumLibrary">
<msg time="2024-09-28T17:21:42.430377" level="INFO">Executing JavaScript:
window.open("https://development.tulipcremation.com/imminent-need.html", "_blank")
Without any arguments.</msg>
<arg>window.open("${href}", "_blank")</arg>
<doc>Executes the given JavaScript code with possible arguments.</doc>
<status status="PASS" start="2024-09-28T17:21:42.429377" elapsed="0.054172"/>
</kw>
<kw name="Switch Window" owner="SeleniumLibrary">
<arg>new</arg>
<doc>Switches to browser window matching ``locator``.</doc>
<status status="PASS" start="2024-09-28T17:21:42.483549" elapsed="0.002062"/>
</kw>
<kw name="Sleep" owner="BuiltIn">
<msg time="2024-09-28T17:21:45.485945" level="INFO">Slept 3 seconds.</msg>
<arg>3</arg>
<doc>Pauses the test executed for the given time.</doc>
<status status="PASS" start="2024-09-28T17:21:42.485611" elapsed="3.000334"/>
</kw>
<kw name="Get Location" owner="SeleniumLibrary">
<msg time="2024-09-28T17:21:45.499398" level="INFO">${current_url} = https://development.tulipcremation.com/imminent-need.html</msg>
<var>${current_url}</var>
<doc>Returns the current browser window URL.</doc>
<status status="PASS" start="2024-09-28T17:21:45.485945" elapsed="0.013453"/>
</kw>
<kw name="Log" owner="BuiltIn">
<msg time="2024-09-28T17:21:45.499398" level="INFO">Current URL: https://development.tulipcremation.com/imminent-need.html</msg>
<arg>Current URL: ${current_url}</arg>
<doc>Logs the given message with the given level.</doc>
<status status="PASS" start="2024-09-28T17:21:45.499398" elapsed="0.000000"/>
</kw>
<kw name="Should Contain" owner="BuiltIn">
<arg>${current_url}</arg>
<arg>${href}</arg>
<doc>Fails if ``container`` does not contain ``item`` one or more times.</doc>
<status status="PASS" start="2024-09-28T17:21:45.499398" elapsed="0.000000"/>
</kw>
<kw name="Close Window" owner="SeleniumLibrary">
<doc>Closes currently opened and selected browser window/tab.</doc>
<status status="PASS" start="2024-09-28T17:21:45.499398" elapsed="0.060389"/>
</kw>
<kw name="Switch Window" owner="SeleniumLibrary">
<arg>main</arg>
<doc>Switches to browser window matching ``locator``.</doc>
<status status="PASS" start="2024-09-28T17:21:45.560293" elapsed="0.006499"/>
</kw>
<var name="${link}">&lt;selenium.webdriver.remote.webelement.WebElement (session="ef7b8822baec55d84ee71af939c2a056", element="f.66B68A893DFB8E221CD4116EAE5FEB5A.d.C7C634C9769BFB66EA81512FBAD9F636.e.426")&gt;</var>
<status status="PASS" start="2024-09-28T17:21:42.404982" elapsed="3.161810"/>
</iter>
<iter>
<kw name="Get Element Attribute" owner="SeleniumLibrary">
<msg time="2024-09-28T17:21:45.580227" level="INFO">${href} = https://development.tulipcremation.com/plan-ahead.html</msg>
<var>${href}</var>
<arg>${link}</arg>
<arg>href</arg>
<doc>Returns the value of ``attribute`` from the element ``locator``.</doc>
<status status="PASS" start="2024-09-28T17:21:45.566792" elapsed="0.013435"/>
</kw>
<kw name="Log" owner="BuiltIn">
<msg time="2024-09-28T17:21:45.580227" level="INFO">Checking link: https://development.tulipcremation.com/plan-ahead.html</msg>
<arg>Checking link: ${href}</arg>
<doc>Logs the given message with the given level.</doc>
<status status="PASS" start="2024-09-28T17:21:45.580227" elapsed="0.000000"/>
</kw>
<if>
<branch type="IF" condition="'${href}'.startswith('tel:')">
<continue>
<status status="NOT RUN" start="2024-09-28T17:21:45.586087" elapsed="0.000000"/>
</continue>
<status status="NOT RUN" start="2024-09-28T17:21:45.580227" elapsed="0.005860"/>
</branch>
<status status="PASS" start="2024-09-28T17:21:45.580227" elapsed="0.005860"/>
</if>
<kw name="Execute Javascript" owner="SeleniumLibrary">
<msg time="2024-09-28T17:21:45.586617" level="INFO">Executing JavaScript:
window.open("https://development.tulipcremation.com/plan-ahead.html", "_blank")
Without any arguments.</msg>
<arg>window.open("${href}", "_blank")</arg>
<doc>Executes the given JavaScript code with possible arguments.</doc>
<status status="PASS" start="2024-09-28T17:21:45.586087" elapsed="0.049098"/>
</kw>
<kw name="Switch Window" owner="SeleniumLibrary">
<arg>new</arg>
<doc>Switches to browser window matching ``locator``.</doc>
<status status="PASS" start="2024-09-28T17:21:45.636215" elapsed="0.013454"/>
</kw>
<kw name="Sleep" owner="BuiltIn">
<msg time="2024-09-28T17:21:48.649778" level="INFO">Slept 3 seconds.</msg>
<arg>3</arg>
<doc>Pauses the test executed for the given time.</doc>
<status status="PASS" start="2024-09-28T17:21:45.649669" elapsed="3.000109"/>
</kw>
<kw name="Get Location" owner="SeleniumLibrary">
<msg time="2024-09-28T17:21:50.318792" level="INFO">${current_url} = https://development.tulipcremation.com/plan-ahead.html</msg>
<var>${current_url}</var>
<doc>Returns the current browser window URL.</doc>
<status status="PASS" start="2024-09-28T17:21:48.650283" elapsed="1.668509"/>
</kw>
<kw name="Log" owner="BuiltIn">
<msg time="2024-09-28T17:21:50.318792" level="INFO">Current URL: https://development.tulipcremation.com/plan-ahead.html</msg>
<arg>Current URL: ${current_url}</arg>
<doc>Logs the given message with the given level.</doc>
<status status="PASS" start="2024-09-28T17:21:50.318792" elapsed="0.000000"/>
</kw>
<kw name="Should Contain" owner="BuiltIn">
<arg>${current_url}</arg>
<arg>${href}</arg>
<doc>Fails if ``container`` does not contain ``item`` one or more times.</doc>
<status status="PASS" start="2024-09-28T17:21:50.318792" elapsed="0.001050"/>
</kw>
<kw name="Close Window" owner="SeleniumLibrary">
<doc>Closes currently opened and selected browser window/tab.</doc>
<status status="PASS" start="2024-09-28T17:21:50.319842" elapsed="0.075532"/>
</kw>
<kw name="Switch Window" owner="SeleniumLibrary">
<arg>main</arg>
<doc>Switches to browser window matching ``locator``.</doc>
<status status="PASS" start="2024-09-28T17:21:50.395374" elapsed="0.010788"/>
</kw>
<var name="${link}">&lt;selenium.webdriver.remote.webelement.WebElement (session="ef7b8822baec55d84ee71af939c2a056", element="f.66B68A893DFB8E221CD4116EAE5FEB5A.d.C7C634C9769BFB66EA81512FBAD9F636.e.437")&gt;</var>
<status status="PASS" start="2024-09-28T17:21:45.566792" elapsed="4.839370"/>
</iter>
<iter>
<kw name="Get Element Attribute" owner="SeleniumLibrary">
<msg time="2024-09-28T17:21:50.427444" level="INFO">${href} = https://development.tulipcremation.com/articles/tulip-expert-guides/end-of-life-planning/what-is-direct-cremation.html</msg>
<var>${href}</var>
<arg>${link}</arg>
<arg>href</arg>
<doc>Returns the value of ``attribute`` from the element ``locator``.</doc>
<status status="PASS" start="2024-09-28T17:21:50.406162" elapsed="0.022327"/>
</kw>
<kw name="Log" owner="BuiltIn">
<msg time="2024-09-28T17:21:50.428611" level="INFO">Checking link: https://development.tulipcremation.com/articles/tulip-expert-guides/end-of-life-planning/what-is-direct-cremation.html</msg>
<arg>Checking link: ${href}</arg>
<doc>Logs the given message with the given level.</doc>
<status status="PASS" start="2024-09-28T17:21:50.428611" elapsed="0.000000"/>
</kw>
<if>
<branch type="IF" condition="'${href}'.startswith('tel:')">
<continue>
<status status="NOT RUN" start="2024-09-28T17:21:50.428611" elapsed="0.000000"/>
</continue>
<status status="NOT RUN" start="2024-09-28T17:21:50.428611" elapsed="0.000000"/>
</branch>
<status status="PASS" start="2024-09-28T17:21:50.428611" elapsed="0.000000"/>
</if>
<kw name="Execute Javascript" owner="SeleniumLibrary">
<msg time="2024-09-28T17:21:50.428611" level="INFO">Executing JavaScript:
window.open("https://development.tulipcremation.com/articles/tulip-expert-guides/end-of-life-planning/what-is-direct-cremation.html", "_blank")
Without any arguments.</msg>
<arg>window.open("${href}", "_blank")</arg>
<doc>Executes the given JavaScript code with possible arguments.</doc>
<status status="PASS" start="2024-09-28T17:21:50.428611" elapsed="0.055004"/>
</kw>
<kw name="Switch Window" owner="SeleniumLibrary">
<arg>new</arg>
<doc>Switches to browser window matching ``locator``.</doc>
<status status="PASS" start="2024-09-28T17:21:50.483615" elapsed="0.024963"/>
</kw>
<kw name="Sleep" owner="BuiltIn">
<msg time="2024-09-28T17:21:53.508707" level="INFO">Slept 3 seconds.</msg>
<arg>3</arg>
<doc>Pauses the test executed for the given time.</doc>
<status status="PASS" start="2024-09-28T17:21:50.508578" elapsed="3.000129"/>
</kw>
<kw name="Get Location" owner="SeleniumLibrary">
<msg time="2024-09-28T17:21:59.077213" level="INFO">${current_url} = https://development.tulipcremation.com/articles/tulip-expert-guides/end-of-life-planning/what-is-direct-cremation.html</msg>
<var>${current_url}</var>
<doc>Returns the current browser window URL.</doc>
<status status="PASS" start="2024-09-28T17:21:53.508707" elapsed="5.568506"/>
</kw>
<kw name="Log" owner="BuiltIn">
<msg time="2024-09-28T17:21:59.077213" level="INFO">Current URL: https://development.tulipcremation.com/articles/tulip-expert-guides/end-of-life-planning/what-is-direct-cremation.html</msg>
<arg>Current URL: ${current_url}</arg>
<doc>Logs the given message with the given level.</doc>
<status status="PASS" start="2024-09-28T17:21:59.077213" elapsed="0.000000"/>
</kw>
<kw name="Should Contain" owner="BuiltIn">
<arg>${current_url}</arg>
<arg>${href}</arg>
<doc>Fails if ``container`` does not contain ``item`` one or more times.</doc>
<status status="PASS" start="2024-09-28T17:21:59.077213" elapsed="0.000000"/>
</kw>
<kw name="Close Window" owner="SeleniumLibrary">
<doc>Closes currently opened and selected browser window/tab.</doc>
<status status="PASS" start="2024-09-28T17:21:59.078213" elapsed="0.055469"/>
</kw>
<kw name="Switch Window" owner="SeleniumLibrary">
<arg>main</arg>
<doc>Switches to browser window matching ``locator``.</doc>
<status status="PASS" start="2024-09-28T17:21:59.133682" elapsed="0.000000"/>
</kw>
<var name="${link}">&lt;selenium.webdriver.remote.webelement.WebElement (session="ef7b8822baec55d84ee71af939c2a056", element="f.66B68A893DFB8E221CD4116EAE5FEB5A.d.C7C634C9769BFB66EA81512FBAD9F636.e.450")&gt;</var>
<status status="PASS" start="2024-09-28T17:21:50.406162" elapsed="8.727520"/>
</iter>
<iter>
<kw name="Get Element Attribute" owner="SeleniumLibrary">
<msg time="2024-09-28T17:21:59.160833" level="INFO">${href} = https://development.tulipcremation.com/service-areas/service-area.html</msg>
<var>${href}</var>
<arg>${link}</arg>
<arg>href</arg>
<doc>Returns the value of ``attribute`` from the element ``locator``.</doc>
<status status="PASS" start="2024-09-28T17:21:59.133682" elapsed="0.027151"/>
</kw>
<kw name="Log" owner="BuiltIn">
<msg time="2024-09-28T17:21:59.161830" level="INFO">Checking link: https://development.tulipcremation.com/service-areas/service-area.html</msg>
<arg>Checking link: ${href}</arg>
<doc>Logs the given message with the given level.</doc>
<status status="PASS" start="2024-09-28T17:21:59.161830" elapsed="0.000000"/>
</kw>
<if>
<branch type="IF" condition="'${href}'.startswith('tel:')">
<continue>
<status status="NOT RUN" start="2024-09-28T17:21:59.162862" elapsed="0.000000"/>
</continue>
<status status="NOT RUN" start="2024-09-28T17:21:59.161830" elapsed="0.001032"/>
</branch>
<status status="PASS" start="2024-09-28T17:21:59.161830" elapsed="0.001032"/>
</if>
<kw name="Execute Javascript" owner="SeleniumLibrary">
<msg time="2024-09-28T17:21:59.163980" level="INFO">Executing JavaScript:
window.open("https://development.tulipcremation.com/service-areas/service-area.html", "_blank")
Without any arguments.</msg>
<arg>window.open("${href}", "_blank")</arg>
<doc>Executes the given JavaScript code with possible arguments.</doc>
<status status="PASS" start="2024-09-28T17:21:59.162862" elapsed="0.047711"/>
</kw>
<kw name="Switch Window" owner="SeleniumLibrary">
<arg>new</arg>
<doc>Switches to browser window matching ``locator``.</doc>
<status status="PASS" start="2024-09-28T17:21:59.211570" elapsed="0.018642"/>
</kw>
<kw name="Sleep" owner="BuiltIn">
<msg time="2024-09-28T17:22:02.231095" level="INFO">Slept 3 seconds.</msg>
<arg>3</arg>
<doc>Pauses the test executed for the given time.</doc>
<status status="PASS" start="2024-09-28T17:21:59.230212" elapsed="3.000883"/>
</kw>
<kw name="Get Location" owner="SeleniumLibrary">
<msg time="2024-09-28T17:22:02.254110" level="INFO">${current_url} = https://development.tulipcremation.com/service-areas/service-area.html</msg>
<var>${current_url}</var>
<doc>Returns the current browser window URL.</doc>
<status status="PASS" start="2024-09-28T17:22:02.231095" elapsed="0.023015"/>
</kw>
<kw name="Log" owner="BuiltIn">
<msg time="2024-09-28T17:22:02.254110" level="INFO">Current URL: https://development.tulipcremation.com/service-areas/service-area.html</msg>
<arg>Current URL: ${current_url}</arg>
<doc>Logs the given message with the given level.</doc>
<status status="PASS" start="2024-09-28T17:22:02.254110" elapsed="0.000000"/>
</kw>
<kw name="Should Contain" owner="BuiltIn">
<arg>${current_url}</arg>
<arg>${href}</arg>
<doc>Fails if ``container`` does not contain ``item`` one or more times.</doc>
<status status="PASS" start="2024-09-28T17:22:02.254110" elapsed="0.000000"/>
</kw>
<kw name="Close Window" owner="SeleniumLibrary">
<doc>Closes currently opened and selected browser window/tab.</doc>
<status status="PASS" start="2024-09-28T17:22:02.254110" elapsed="0.059398"/>
</kw>
<kw name="Switch Window" owner="SeleniumLibrary">
<arg>main</arg>
<doc>Switches to browser window matching ``locator``.</doc>
<status status="PASS" start="2024-09-28T17:22:02.314515" elapsed="0.000539"/>
</kw>
<var name="${link}">&lt;selenium.webdriver.remote.webelement.WebElement (session="ef7b8822baec55d84ee71af939c2a056", element="f.66B68A893DFB8E221CD4116EAE5FEB5A.d.C7C634C9769BFB66EA81512FBAD9F636.e.453")&gt;</var>
<status status="PASS" start="2024-09-28T17:21:59.133682" elapsed="3.181372"/>
</iter>
<iter>
<kw name="Get Element Attribute" owner="SeleniumLibrary">
<msg time="2024-09-28T17:22:02.339741" level="INFO">${href} = https://development.tulipcremation.com/faqs/faq.html</msg>
<var>${href}</var>
<arg>${link}</arg>
<arg>href</arg>
<doc>Returns the value of ``attribute`` from the element ``locator``.</doc>
<status status="PASS" start="2024-09-28T17:22:02.315054" elapsed="0.024687"/>
</kw>
<kw name="Log" owner="BuiltIn">
<msg time="2024-09-28T17:22:02.340684" level="INFO">Checking link: https://development.tulipcremation.com/faqs/faq.html</msg>
<arg>Checking link: ${href}</arg>
<doc>Logs the given message with the given level.</doc>
<status status="PASS" start="2024-09-28T17:22:02.340684" elapsed="0.000000"/>
</kw>
<if>
<branch type="IF" condition="'${href}'.startswith('tel:')">
<continue>
<status status="NOT RUN" start="2024-09-28T17:22:02.340684" elapsed="0.001015"/>
</continue>
<status status="NOT RUN" start="2024-09-28T17:22:02.340684" elapsed="0.001015"/>
</branch>
<status status="PASS" start="2024-09-28T17:22:02.340684" elapsed="0.001015"/>
</if>
<kw name="Execute Javascript" owner="SeleniumLibrary">
<msg time="2024-09-28T17:22:02.342684" level="INFO">Executing JavaScript:
window.open("https://development.tulipcremation.com/faqs/faq.html", "_blank")
Without any arguments.</msg>
<arg>window.open("${href}", "_blank")</arg>
<doc>Executes the given JavaScript code with possible arguments.</doc>
<status status="PASS" start="2024-09-28T17:22:02.341699" elapsed="0.047463"/>
</kw>
<kw name="Switch Window" owner="SeleniumLibrary">
<arg>new</arg>
<doc>Switches to browser window matching ``locator``.</doc>
<status status="PASS" start="2024-09-28T17:22:02.390171" elapsed="0.020579"/>
</kw>
<kw name="Sleep" owner="BuiltIn">
<msg time="2024-09-28T17:22:05.411534" level="INFO">Slept 3 seconds.</msg>
<arg>3</arg>
<doc>Pauses the test executed for the given time.</doc>
<status status="PASS" start="2024-09-28T17:22:02.410750" elapsed="3.000784"/>
</kw>
<kw name="Get Location" owner="SeleniumLibrary">
<msg time="2024-09-28T17:22:05.432132" level="INFO">${current_url} = https://development.tulipcremation.com/faqs/faq.html</msg>
<var>${current_url}</var>
<doc>Returns the current browser window URL.</doc>
<status status="PASS" start="2024-09-28T17:22:05.411534" elapsed="0.020598"/>
</kw>
<kw name="Log" owner="BuiltIn">
<msg time="2024-09-28T17:22:05.432132" level="INFO">Current URL: https://development.tulipcremation.com/faqs/faq.html</msg>
<arg>Current URL: ${current_url}</arg>
<doc>Logs the given message with the given level.</doc>
<status status="PASS" start="2024-09-28T17:22:05.432132" elapsed="0.000000"/>
</kw>
<kw name="Should Contain" owner="BuiltIn">
<arg>${current_url}</arg>
<arg>${href}</arg>
<doc>Fails if ``container`` does not contain ``item`` one or more times.</doc>
<status status="PASS" start="2024-09-28T17:22:05.432132" elapsed="0.000000"/>
</kw>
<kw name="Close Window" owner="SeleniumLibrary">
<doc>Closes currently opened and selected browser window/tab.</doc>
<status status="PASS" start="2024-09-28T17:22:05.432132" elapsed="0.063636"/>
</kw>
<kw name="Switch Window" owner="SeleniumLibrary">
<arg>main</arg>
<doc>Switches to browser window matching ``locator``.</doc>
<status status="PASS" start="2024-09-28T17:22:05.495768" elapsed="0.006821"/>
</kw>
<var name="${link}">&lt;selenium.webdriver.remote.webelement.WebElement (session="ef7b8822baec55d84ee71af939c2a056", element="f.66B68A893DFB8E221CD4116EAE5FEB5A.d.C7C634C9769BFB66EA81512FBAD9F636.e.456")&gt;</var>
<status status="PASS" start="2024-09-28T17:22:02.315054" elapsed="3.187535"/>
</iter>
<iter>
<kw name="Get Element Attribute" owner="SeleniumLibrary">
<msg time="2024-09-28T17:22:05.521356" level="INFO">${href} = https://development.tulipcremation.com/contact_us.html</msg>
<var>${href}</var>
<arg>${link}</arg>
<arg>href</arg>
<doc>Returns the value of ``attribute`` from the element ``locator``.</doc>
<status status="PASS" start="2024-09-28T17:22:05.502589" elapsed="0.018767"/>
</kw>
<kw name="Log" owner="BuiltIn">
<msg time="2024-09-28T17:22:05.521356" level="INFO">Checking link: https://development.tulipcremation.com/contact_us.html</msg>
<arg>Checking link: ${href}</arg>
<doc>Logs the given message with the given level.</doc>
<status status="PASS" start="2024-09-28T17:22:05.521356" elapsed="0.000000"/>
</kw>
<if>
<branch type="IF" condition="'${href}'.startswith('tel:')">
<continue>
<status status="NOT RUN" start="2024-09-28T17:22:05.521356" elapsed="0.000000"/>
</continue>
<status status="NOT RUN" start="2024-09-28T17:22:05.521356" elapsed="0.000000"/>
</branch>
<status status="PASS" start="2024-09-28T17:22:05.521356" elapsed="0.000000"/>
</if>
<kw name="Execute Javascript" owner="SeleniumLibrary">
<msg time="2024-09-28T17:22:05.521356" level="INFO">Executing JavaScript:
window.open("https://development.tulipcremation.com/contact_us.html", "_blank")
Without any arguments.</msg>
<arg>window.open("${href}", "_blank")</arg>
<doc>Executes the given JavaScript code with possible arguments.</doc>
<status status="PASS" start="2024-09-28T17:22:05.521356" elapsed="0.049443"/>
</kw>
<kw name="Switch Window" owner="SeleniumLibrary">
<arg>new</arg>
<doc>Switches to browser window matching ``locator``.</doc>
<status status="PASS" start="2024-09-28T17:22:05.571865" elapsed="0.019013"/>
</kw>
<kw name="Sleep" owner="BuiltIn">
<msg time="2024-09-28T17:22:08.591817" level="INFO">Slept 3 seconds.</msg>
<arg>3</arg>
<doc>Pauses the test executed for the given time.</doc>
<status status="PASS" start="2024-09-28T17:22:05.590878" elapsed="3.000939"/>
</kw>
<kw name="Get Location" owner="SeleniumLibrary">
<msg time="2024-09-28T17:22:08.598431" level="INFO">${current_url} = https://development.tulipcremation.com/contact_us.html</msg>
<var>${current_url}</var>
<doc>Returns the current browser window URL.</doc>
<status status="PASS" start="2024-09-28T17:22:08.591817" elapsed="0.006614"/>
</kw>
<kw name="Log" owner="BuiltIn">
<msg time="2024-09-28T17:22:08.598431" level="INFO">Current URL: https://development.tulipcremation.com/contact_us.html</msg>
<arg>Current URL: ${current_url}</arg>
<doc>Logs the given message with the given level.</doc>
<status status="PASS" start="2024-09-28T17:22:08.598431" elapsed="0.000000"/>
</kw>
<kw name="Should Contain" owner="BuiltIn">
<arg>${current_url}</arg>
<arg>${href}</arg>
<doc>Fails if ``container`` does not contain ``item`` one or more times.</doc>
<status status="PASS" start="2024-09-28T17:22:08.598431" elapsed="0.000000"/>
</kw>
<kw name="Close Window" owner="SeleniumLibrary">
<doc>Closes currently opened and selected browser window/tab.</doc>
<status status="PASS" start="2024-09-28T17:22:08.598431" elapsed="0.075363"/>
</kw>
<kw name="Switch Window" owner="SeleniumLibrary">
<arg>main</arg>
<doc>Switches to browser window matching ``locator``.</doc>
<status status="PASS" start="2024-09-28T17:22:08.673794" elapsed="0.000000"/>
</kw>
<var name="${link}">&lt;selenium.webdriver.remote.webelement.WebElement (session="ef7b8822baec55d84ee71af939c2a056", element="f.66B68A893DFB8E221CD4116EAE5FEB5A.d.C7C634C9769BFB66EA81512FBAD9F636.e.459")&gt;</var>
<status status="PASS" start="2024-09-28T17:22:05.502589" elapsed="3.171205"/>
</iter>
<iter>
<kw name="Get Element Attribute" owner="SeleniumLibrary">
<msg time="2024-09-28T17:22:08.697661" level="INFO">${href} = https://development.tulipcremation.com/pricing.html</msg>
<var>${href}</var>
<arg>${link}</arg>
<arg>href</arg>
<doc>Returns the value of ``attribute`` from the element ``locator``.</doc>
<status status="PASS" start="2024-09-28T17:22:08.673794" elapsed="0.023867"/>
</kw>
<kw name="Log" owner="BuiltIn">
<msg time="2024-09-28T17:22:08.698760" level="INFO">Checking link: https://development.tulipcremation.com/pricing.html</msg>
<arg>Checking link: ${href}</arg>
<doc>Logs the given message with the given level.</doc>
<status status="PASS" start="2024-09-28T17:22:08.698760" elapsed="0.000000"/>
</kw>
<if>
<branch type="IF" condition="'${href}'.startswith('tel:')">
<continue>
<status status="NOT RUN" start="2024-09-28T17:22:08.698760" elapsed="0.000000"/>
</continue>
<status status="NOT RUN" start="2024-09-28T17:22:08.698760" elapsed="0.000926"/>
</branch>
<status status="PASS" start="2024-09-28T17:22:08.698760" elapsed="0.000926"/>
</if>
<kw name="Execute Javascript" owner="SeleniumLibrary">
<msg time="2024-09-28T17:22:08.700773" level="INFO">Executing JavaScript:
window.open("https://development.tulipcremation.com/pricing.html", "_blank")
Without any arguments.</msg>
<arg>window.open("${href}", "_blank")</arg>
<doc>Executes the given JavaScript code with possible arguments.</doc>
<status status="PASS" start="2024-09-28T17:22:08.699686" elapsed="0.045358"/>
</kw>
<kw name="Switch Window" owner="SeleniumLibrary">
<arg>new</arg>
<doc>Switches to browser window matching ``locator``.</doc>
<status status="PASS" start="2024-09-28T17:22:08.745044" elapsed="0.018677"/>
</kw>
<kw name="Sleep" owner="BuiltIn">
<msg time="2024-09-28T17:22:11.764653" level="INFO">Slept 3 seconds.</msg>
<arg>3</arg>
<doc>Pauses the test executed for the given time.</doc>
<status status="PASS" start="2024-09-28T17:22:08.763721" elapsed="3.000932"/>
</kw>
<kw name="Get Location" owner="SeleniumLibrary">
<msg time="2024-09-28T17:22:11.779660" level="INFO">${current_url} = https://development.tulipcremation.com/pricing.html</msg>
<var>${current_url}</var>
<doc>Returns the current browser window URL.</doc>
<status status="PASS" start="2024-09-28T17:22:11.764653" elapsed="0.015007"/>
</kw>
<kw name="Log" owner="BuiltIn">
<msg time="2024-09-28T17:22:11.779660" level="INFO">Current URL: https://development.tulipcremation.com/pricing.html</msg>
<arg>Current URL: ${current_url}</arg>
<doc>Logs the given message with the given level.</doc>
<status status="PASS" start="2024-09-28T17:22:11.779660" elapsed="0.000000"/>
</kw>
<kw name="Should Contain" owner="BuiltIn">
<arg>${current_url}</arg>
<arg>${href}</arg>
<doc>Fails if ``container`` does not contain ``item`` one or more times.</doc>
<status status="PASS" start="2024-09-28T17:22:11.779660" elapsed="0.000000"/>
</kw>
<kw name="Close Window" owner="SeleniumLibrary">
<doc>Closes currently opened and selected browser window/tab.</doc>
<status status="PASS" start="2024-09-28T17:22:11.779660" elapsed="0.072873"/>
</kw>
<kw name="Switch Window" owner="SeleniumLibrary">
<arg>main</arg>
<doc>Switches to browser window matching ``locator``.</doc>
<status status="PASS" start="2024-09-28T17:22:11.852533" elapsed="0.007241"/>
</kw>
<var name="${link}">&lt;selenium.webdriver.remote.webelement.WebElement (session="ef7b8822baec55d84ee71af939c2a056", element="f.66B68A893DFB8E221CD4116EAE5FEB5A.d.C7C634C9769BFB66EA81512FBAD9F636.e.462")&gt;</var>
<status status="PASS" start="2024-09-28T17:22:08.673794" elapsed="3.185980"/>
</iter>
<iter>
<kw name="Get Element Attribute" owner="SeleniumLibrary">
<msg time="2024-09-28T17:22:11.870268" level="INFO">${href} = https://development.tulipcremation.com/articles/tulip-expert-guides/death-resources/what-is-a-general-price-list-for-cremation-and-funeral-services.html</msg>
<var>${href}</var>
<arg>${link}</arg>
<arg>href</arg>
<doc>Returns the value of ``attribute`` from the element ``locator``.</doc>
<status status="PASS" start="2024-09-28T17:22:11.859774" elapsed="0.010494"/>
</kw>
<kw name="Log" owner="BuiltIn">
<msg time="2024-09-28T17:22:11.870268" level="INFO">Checking link: https://development.tulipcremation.com/articles/tulip-expert-guides/death-resources/what-is-a-general-price-list-for-cremation-and-funeral-services.html</msg>
<arg>Checking link: ${href}</arg>
<doc>Logs the given message with the given level.</doc>
<status status="PASS" start="2024-09-28T17:22:11.870268" elapsed="0.000000"/>
</kw>
<if>
<branch type="IF" condition="'${href}'.startswith('tel:')">
<continue>
<status status="NOT RUN" start="2024-09-28T17:22:11.870268" elapsed="0.000000"/>
</continue>
<status status="NOT RUN" start="2024-09-28T17:22:11.870268" elapsed="0.000000"/>
</branch>
<status status="PASS" start="2024-09-28T17:22:11.870268" elapsed="0.000000"/>
</if>
<kw name="Execute Javascript" owner="SeleniumLibrary">
<msg time="2024-09-28T17:22:11.870268" level="INFO">Executing JavaScript:
window.open("https://development.tulipcremation.com/articles/tulip-expert-guides/death-resources/what-is-a-general-price-list-for-cremation-and-funeral-services.html", "_blank")
Without any arguments.</msg>
<arg>window.open("${href}", "_blank")</arg>
<doc>Executes the given JavaScript code with possible arguments.</doc>
<status status="PASS" start="2024-09-28T17:22:11.870268" elapsed="0.057394"/>
</kw>
<kw name="Switch Window" owner="SeleniumLibrary">
<arg>new</arg>
<doc>Switches to browser window matching ``locator``.</doc>
<status status="PASS" start="2024-09-28T17:22:11.927662" elapsed="0.011208"/>
</kw>
<kw name="Sleep" owner="BuiltIn">
<msg time="2024-09-28T17:22:14.941164" level="INFO">Slept 3 seconds.</msg>
<arg>3</arg>
<doc>Pauses the test executed for the given time.</doc>
<status status="PASS" start="2024-09-28T17:22:11.940546" elapsed="3.000618"/>
</kw>
<kw name="Get Location" owner="SeleniumLibrary">
<msg time="2024-09-28T17:22:14.951274" level="INFO">${current_url} = https://development.tulipcremation.com/articles/tulip-expert-guides/death-resources/what-is-a-general-price-list-for-cremation-and-funeral-services.html</msg>
<var>${current_url}</var>
<doc>Returns the current browser window URL.</doc>
<status status="PASS" start="2024-09-28T17:22:14.941164" elapsed="0.010110"/>
</kw>
<kw name="Log" owner="BuiltIn">
<msg time="2024-09-28T17:22:14.951274" level="INFO">Current URL: https://development.tulipcremation.com/articles/tulip-expert-guides/death-resources/what-is-a-general-price-list-for-cremation-and-funeral-services.html</msg>
<arg>Current URL: ${current_url}</arg>
<doc>Logs the given message with the given level.</doc>
<status status="PASS" start="2024-09-28T17:22:14.951274" elapsed="0.000000"/>
</kw>
<kw name="Should Contain" owner="BuiltIn">
<arg>${current_url}</arg>
<arg>${href}</arg>
<doc>Fails if ``container`` does not contain ``item`` one or more times.</doc>
<status status="PASS" start="2024-09-28T17:22:14.951274" elapsed="0.000000"/>
</kw>
<kw name="Close Window" owner="SeleniumLibrary">
<doc>Closes currently opened and selected browser window/tab.</doc>
<status status="PASS" start="2024-09-28T17:22:14.951274" elapsed="0.071423"/>
</kw>
<kw name="Switch Window" owner="SeleniumLibrary">
<arg>main</arg>
<doc>Switches to browser window matching ``locator``.</doc>
<status status="PASS" start="2024-09-28T17:22:15.022697" elapsed="0.001974"/>
</kw>
<var name="${link}">&lt;selenium.webdriver.remote.webelement.WebElement (session="ef7b8822baec55d84ee71af939c2a056", element="f.66B68A893DFB8E221CD4116EAE5FEB5A.d.C7C634C9769BFB66EA81512FBAD9F636.e.484")&gt;</var>
<status status="PASS" start="2024-09-28T17:22:11.859774" elapsed="3.164897"/>
</iter>
<iter>
<kw name="Get Element Attribute" owner="SeleniumLibrary">
<msg time="2024-09-28T17:22:15.046467" level="INFO">${href} = https://development.tulipcremation.com/instant-quote/</msg>
<var>${href}</var>
<arg>${link}</arg>
<arg>href</arg>
<doc>Returns the value of ``attribute`` from the element ``locator``.</doc>
<status status="PASS" start="2024-09-28T17:22:15.024671" elapsed="0.021796"/>
</kw>
<kw name="Log" owner="BuiltIn">
<msg time="2024-09-28T17:22:15.046467" level="INFO">Checking link: https://development.tulipcremation.com/instant-quote/</msg>
<arg>Checking link: ${href}</arg>
<doc>Logs the given message with the given level.</doc>
<status status="PASS" start="2024-09-28T17:22:15.046467" elapsed="0.000000"/>
</kw>
<if>
<branch type="IF" condition="'${href}'.startswith('tel:')">
<continue>
<status status="NOT RUN" start="2024-09-28T17:22:15.046467" elapsed="0.000979"/>
</continue>
<status status="NOT RUN" start="2024-09-28T17:22:15.046467" elapsed="0.000979"/>
</branch>
<status status="PASS" start="2024-09-28T17:22:15.046467" elapsed="0.000979"/>
</if>
<kw name="Execute Javascript" owner="SeleniumLibrary">
<msg time="2024-09-28T17:22:15.048435" level="INFO">Executing JavaScript:
window.open("https://development.tulipcremation.com/instant-quote/", "_blank")
Without any arguments.</msg>
<arg>window.open("${href}", "_blank")</arg>
<doc>Executes the given JavaScript code with possible arguments.</doc>
<status status="PASS" start="2024-09-28T17:22:15.047446" elapsed="0.049678"/>
</kw>
<kw name="Switch Window" owner="SeleniumLibrary">
<arg>new</arg>
<doc>Switches to browser window matching ``locator``.</doc>
<status status="PASS" start="2024-09-28T17:22:15.097124" elapsed="0.011089"/>
</kw>
<kw name="Sleep" owner="BuiltIn">
<msg time="2024-09-28T17:22:18.108981" level="INFO">Slept 3 seconds.</msg>
<arg>3</arg>
<doc>Pauses the test executed for the given time.</doc>
<status status="PASS" start="2024-09-28T17:22:15.108213" elapsed="3.000768"/>
</kw>
<kw name="Get Location" owner="SeleniumLibrary">
<msg time="2024-09-28T17:22:18.124836" level="INFO">${current_url} = https://development.tulipcremation.com/instant-quote/</msg>
<var>${current_url}</var>
<doc>Returns the current browser window URL.</doc>
<status status="PASS" start="2024-09-28T17:22:18.109716" elapsed="0.015120"/>
</kw>
<kw name="Log" owner="BuiltIn">
<msg time="2024-09-28T17:22:18.124836" level="INFO">Current URL: https://development.tulipcremation.com/instant-quote/</msg>
<arg>Current URL: ${current_url}</arg>
<doc>Logs the given message with the given level.</doc>
<status status="PASS" start="2024-09-28T17:22:18.124836" elapsed="0.000000"/>
</kw>
<kw name="Should Contain" owner="BuiltIn">
<arg>${current_url}</arg>
<arg>${href}</arg>
<doc>Fails if ``container`` does not contain ``item`` one or more times.</doc>
<status status="PASS" start="2024-09-28T17:22:18.124836" elapsed="0.000000"/>
</kw>
<kw name="Close Window" owner="SeleniumLibrary">
<doc>Closes currently opened and selected browser window/tab.</doc>
<status status="PASS" start="2024-09-28T17:22:18.124836" elapsed="0.063463"/>
</kw>
<kw name="Switch Window" owner="SeleniumLibrary">
<arg>main</arg>
<doc>Switches to browser window matching ``locator``.</doc>
<status status="PASS" start="2024-09-28T17:22:18.189339" elapsed="0.007961"/>
</kw>
<var name="${link}">&lt;selenium.webdriver.remote.webelement.WebElement (session="ef7b8822baec55d84ee71af939c2a056", element="f.66B68A893DFB8E221CD4116EAE5FEB5A.d.C7C634C9769BFB66EA81512FBAD9F636.e.495")&gt;</var>
<status status="PASS" start="2024-09-28T17:22:15.024671" elapsed="3.172629"/>
</iter>
<iter>
<kw name="Get Element Attribute" owner="SeleniumLibrary">
<msg time="2024-09-28T17:22:18.211857" level="INFO">${href} = https://development.tulipcremation.com/service-areas/service-area.html</msg>
<var>${href}</var>
<arg>${link}</arg>
<arg>href</arg>
<doc>Returns the value of ``attribute`` from the element ``locator``.</doc>
<status status="PASS" start="2024-09-28T17:22:18.198107" elapsed="0.013750"/>
</kw>
<kw name="Log" owner="BuiltIn">
<msg time="2024-09-28T17:22:18.211857" level="INFO">Checking link: https://development.tulipcremation.com/service-areas/service-area.html</msg>
<arg>Checking link: ${href}</arg>
<doc>Logs the given message with the given level.</doc>
<status status="PASS" start="2024-09-28T17:22:18.211857" elapsed="0.000996"/>
</kw>
<if>
<branch type="IF" condition="'${href}'.startswith('tel:')">
<continue>
<status status="NOT RUN" start="2024-09-28T17:22:18.212853" elapsed="0.000000"/>
</continue>
<status status="NOT RUN" start="2024-09-28T17:22:18.212853" elapsed="0.000000"/>
</branch>
<status status="PASS" start="2024-09-28T17:22:18.212853" elapsed="0.000000"/>
</if>
<kw name="Execute Javascript" owner="SeleniumLibrary">
<msg time="2024-09-28T17:22:18.214562" level="INFO">Executing JavaScript:
window.open("https://development.tulipcremation.com/service-areas/service-area.html", "_blank")
Without any arguments.</msg>
<arg>window.open("${href}", "_blank")</arg>
<doc>Executes the given JavaScript code with possible arguments.</doc>
<status status="PASS" start="2024-09-28T17:22:18.213851" elapsed="0.040125"/>
</kw>
<kw name="Switch Window" owner="SeleniumLibrary">
<arg>new</arg>
<doc>Switches to browser window matching ``locator``.</doc>
<status status="PASS" start="2024-09-28T17:22:18.253976" elapsed="0.014932"/>
</kw>
<kw name="Sleep" owner="BuiltIn">
<msg time="2024-09-28T17:22:21.269240" level="INFO">Slept 3 seconds.</msg>
<arg>3</arg>
<doc>Pauses the test executed for the given time.</doc>
<status status="PASS" start="2024-09-28T17:22:18.268908" elapsed="3.000332"/>
</kw>
<kw name="Get Location" owner="SeleniumLibrary">
<msg time="2024-09-28T17:22:21.276256" level="INFO">${current_url} = https://development.tulipcremation.com/service-areas/service-area.html</msg>
<var>${current_url}</var>
<doc>Returns the current browser window URL.</doc>
<status status="PASS" start="2024-09-28T17:22:21.269240" elapsed="0.007016"/>
</kw>
<kw name="Log" owner="BuiltIn">
<msg time="2024-09-28T17:22:21.276256" level="INFO">Current URL: https://development.tulipcremation.com/service-areas/service-area.html</msg>
<arg>Current URL: ${current_url}</arg>
<doc>Logs the given message with the given level.</doc>
<status status="PASS" start="2024-09-28T17:22:21.276256" elapsed="0.000000"/>
</kw>
<kw name="Should Contain" owner="BuiltIn">
<arg>${current_url}</arg>
<arg>${href}</arg>
<doc>Fails if ``container`` does not contain ``item`` one or more times.</doc>
<status status="PASS" start="2024-09-28T17:22:21.276256" elapsed="0.000000"/>
</kw>
<kw name="Close Window" owner="SeleniumLibrary">
<doc>Closes currently opened and selected browser window/tab.</doc>
<status status="PASS" start="2024-09-28T17:22:21.276256" elapsed="0.073121"/>
</kw>
<kw name="Switch Window" owner="SeleniumLibrary">
<arg>main</arg>
<doc>Switches to browser window matching ``locator``.</doc>
<status status="PASS" start="2024-09-28T17:22:21.350376" elapsed="0.002587"/>
</kw>
<var name="${link}">&lt;selenium.webdriver.remote.webelement.WebElement (session="ef7b8822baec55d84ee71af939c2a056", element="f.66B68A893DFB8E221CD4116EAE5FEB5A.d.C7C634C9769BFB66EA81512FBAD9F636.e.506")&gt;</var>
<status status="PASS" start="2024-09-28T17:22:18.198107" elapsed="3.154856"/>
</iter>
<iter>
<kw name="Get Element Attribute" owner="SeleniumLibrary">
<msg time="2024-09-28T17:22:21.374477" level="INFO">${href} = https://development.tulipcremation.com/stories/stories.html</msg>
<var>${href}</var>
<arg>${link}</arg>
<arg>href</arg>
<doc>Returns the value of ``attribute`` from the element ``locator``.</doc>
<status status="PASS" start="2024-09-28T17:22:21.352963" elapsed="0.021514"/>
</kw>
<kw name="Log" owner="BuiltIn">
<msg time="2024-09-28T17:22:21.375530" level="INFO">Checking link: https://development.tulipcremation.com/stories/stories.html</msg>
<arg>Checking link: ${href}</arg>
<doc>Logs the given message with the given level.</doc>
<status status="PASS" start="2024-09-28T17:22:21.375530" elapsed="0.000000"/>
</kw>
<if>
<branch type="IF" condition="'${href}'.startswith('tel:')">
<continue>
<status status="NOT RUN" start="2024-09-28T17:22:21.375530" elapsed="0.000000"/>
</continue>
<status status="NOT RUN" start="2024-09-28T17:22:21.375530" elapsed="0.000000"/>
</branch>
<status status="PASS" start="2024-09-28T17:22:21.375530" elapsed="0.000000"/>
</if>
<kw name="Execute Javascript" owner="SeleniumLibrary">
<msg time="2024-09-28T17:22:21.377492" level="INFO">Executing JavaScript:
window.open("https://development.tulipcremation.com/stories/stories.html", "_blank")
Without any arguments.</msg>
<arg>window.open("${href}", "_blank")</arg>
<doc>Executes the given JavaScript code with possible arguments.</doc>
<status status="PASS" start="2024-09-28T17:22:21.376495" elapsed="0.049449"/>
</kw>
<kw name="Switch Window" owner="SeleniumLibrary">
<arg>new</arg>
<doc>Switches to browser window matching ``locator``.</doc>
<status status="PASS" start="2024-09-28T17:22:21.427007" elapsed="0.013737"/>
</kw>
<kw name="Sleep" owner="BuiltIn">
<msg time="2024-09-28T17:22:24.441613" level="INFO">Slept 3 seconds.</msg>
<arg>3</arg>
<doc>Pauses the test executed for the given time.</doc>
<status status="PASS" start="2024-09-28T17:22:21.440744" elapsed="3.000869"/>
</kw>
<kw name="Get Location" owner="SeleniumLibrary">
<msg time="2024-09-28T17:22:24.460605" level="INFO">${current_url} = https://development.tulipcremation.com/stories/stories.html</msg>
<var>${current_url}</var>
<doc>Returns the current browser window URL.</doc>
<status status="PASS" start="2024-09-28T17:22:24.441613" elapsed="0.018992"/>
</kw>
<kw name="Log" owner="BuiltIn">
<msg time="2024-09-28T17:22:24.463978" level="INFO">Current URL: https://development.tulipcremation.com/stories/stories.html</msg>
<arg>Current URL: ${current_url}</arg>
<doc>Logs the given message with the given level.</doc>
<status status="PASS" start="2024-09-28T17:22:24.463978" elapsed="0.000000"/>
</kw>
<kw name="Should Contain" owner="BuiltIn">
<arg>${current_url}</arg>
<arg>${href}</arg>
<doc>Fails if ``container`` does not contain ``item`` one or more times.</doc>
<status status="PASS" start="2024-09-28T17:22:24.464487" elapsed="0.000000"/>
</kw>
<kw name="Close Window" owner="SeleniumLibrary">
<doc>Closes currently opened and selected browser window/tab.</doc>
<status status="PASS" start="2024-09-28T17:22:24.464487" elapsed="0.070043"/>
</kw>
<kw name="Switch Window" owner="SeleniumLibrary">
<arg>main</arg>
<doc>Switches to browser window matching ``locator``.</doc>
<status status="PASS" start="2024-09-28T17:22:24.534530" elapsed="0.008074"/>
</kw>
<var name="${link}">&lt;selenium.webdriver.remote.webelement.WebElement (session="ef7b8822baec55d84ee71af939c2a056", element="f.66B68A893DFB8E221CD4116EAE5FEB5A.d.C7C634C9769BFB66EA81512FBAD9F636.e.510")&gt;</var>
<status status="PASS" start="2024-09-28T17:22:21.352963" elapsed="3.189641"/>
</iter>
<iter>
<kw name="Get Element Attribute" owner="SeleniumLibrary">
<msg time="2024-09-28T17:22:24.549054" level="INFO">${href} = https://development.tulipcremation.com/articles/tulip-expert-guides.html</msg>
<var>${href}</var>
<arg>${link}</arg>
<arg>href</arg>
<doc>Returns the value of ``attribute`` from the element ``locator``.</doc>
<status status="PASS" start="2024-09-28T17:22:24.543097" elapsed="0.005957"/>
</kw>
<kw name="Log" owner="BuiltIn">
<msg time="2024-09-28T17:22:24.549054" level="INFO">Checking link: https://development.tulipcremation.com/articles/tulip-expert-guides.html</msg>
<arg>Checking link: ${href}</arg>
<doc>Logs the given message with the given level.</doc>
<status status="PASS" start="2024-09-28T17:22:24.549054" elapsed="0.000000"/>
</kw>
<if>
<branch type="IF" condition="'${href}'.startswith('tel:')">
<continue>
<status status="NOT RUN" start="2024-09-28T17:22:24.549054" elapsed="0.000000"/>
</continue>
<status status="NOT RUN" start="2024-09-28T17:22:24.549054" elapsed="0.000000"/>
</branch>
<status status="PASS" start="2024-09-28T17:22:24.549054" elapsed="0.000000"/>
</if>
<kw name="Execute Javascript" owner="SeleniumLibrary">
<msg time="2024-09-28T17:22:24.549054" level="INFO">Executing JavaScript:
window.open("https://development.tulipcremation.com/articles/tulip-expert-guides.html", "_blank")
Without any arguments.</msg>
<arg>window.open("${href}", "_blank")</arg>
<doc>Executes the given JavaScript code with possible arguments.</doc>
<status status="PASS" start="2024-09-28T17:22:24.549054" elapsed="0.037799"/>
</kw>
<kw name="Switch Window" owner="SeleniumLibrary">
<arg>new</arg>
<doc>Switches to browser window matching ``locator``.</doc>
<status status="PASS" start="2024-09-28T17:22:24.586853" elapsed="0.006276"/>
</kw>
<kw name="Sleep" owner="BuiltIn">
<msg time="2024-09-28T17:22:27.593779" level="INFO">Slept 3 seconds.</msg>
<arg>3</arg>
<doc>Pauses the test executed for the given time.</doc>
<status status="PASS" start="2024-09-28T17:22:24.593129" elapsed="3.000650"/>
</kw>
<kw name="Get Location" owner="SeleniumLibrary">
<msg time="2024-09-28T17:22:27.606719" level="INFO">${current_url} = https://development.tulipcremation.com/articles/tulip-expert-guides.html</msg>
<var>${current_url}</var>
<doc>Returns the current browser window URL.</doc>
<status status="PASS" start="2024-09-28T17:22:27.593779" elapsed="0.012940"/>
</kw>
<kw name="Log" owner="BuiltIn">
<msg time="2024-09-28T17:22:27.606719" level="INFO">Current URL: https://development.tulipcremation.com/articles/tulip-expert-guides.html</msg>
<arg>Current URL: ${current_url}</arg>
<doc>Logs the given message with the given level.</doc>
<status status="PASS" start="2024-09-28T17:22:27.606719" elapsed="0.000000"/>
</kw>
<kw name="Should Contain" owner="BuiltIn">
<arg>${current_url}</arg>
<arg>${href}</arg>
<doc>Fails if ``container`` does not contain ``item`` one or more times.</doc>
<status status="PASS" start="2024-09-28T17:22:27.606719" elapsed="0.000000"/>
</kw>
<kw name="Close Window" owner="SeleniumLibrary">
<doc>Closes currently opened and selected browser window/tab.</doc>
<status status="PASS" start="2024-09-28T17:22:27.606719" elapsed="0.071047"/>
</kw>
<kw name="Switch Window" owner="SeleniumLibrary">
<arg>main</arg>
<doc>Switches to browser window matching ``locator``.</doc>
<status status="PASS" start="2024-09-28T17:22:27.677766" elapsed="0.007677"/>
</kw>
<var name="${link}">&lt;selenium.webdriver.remote.webelement.WebElement (session="ef7b8822baec55d84ee71af939c2a056", element="f.66B68A893DFB8E221CD4116EAE5FEB5A.d.C7C634C9769BFB66EA81512FBAD9F636.e.514")&gt;</var>
<status status="PASS" start="2024-09-28T17:22:24.543097" elapsed="3.142346"/>
</iter>
<iter>
<kw name="Get Element Attribute" owner="SeleniumLibrary">
<msg time="2024-09-28T17:22:27.695404" level="INFO">${href} = https://www.tulip.joinobit.com/</msg>
<var>${href}</var>
<arg>${link}</arg>
<arg>href</arg>
<doc>Returns the value of ``attribute`` from the element ``locator``.</doc>
<status status="PASS" start="2024-09-28T17:22:27.686562" elapsed="0.008842"/>
</kw>
<kw name="Log" owner="BuiltIn">
<msg time="2024-09-28T17:22:27.695404" level="INFO">Checking link: https://www.tulip.joinobit.com/</msg>
<arg>Checking link: ${href}</arg>
<doc>Logs the given message with the given level.</doc>
<status status="PASS" start="2024-09-28T17:22:27.695404" elapsed="0.000000"/>
</kw>
<if>
<branch type="IF" condition="'${href}'.startswith('tel:')">
<continue>
<status status="NOT RUN" start="2024-09-28T17:22:27.695404" elapsed="0.000000"/>
</continue>
<status status="NOT RUN" start="2024-09-28T17:22:27.695404" elapsed="0.000000"/>
</branch>
<status status="PASS" start="2024-09-28T17:22:27.695404" elapsed="0.000000"/>
</if>
<kw name="Execute Javascript" owner="SeleniumLibrary">
<msg time="2024-09-28T17:22:27.695404" level="INFO">Executing JavaScript:
window.open("https://www.tulip.joinobit.com/", "_blank")
Without any arguments.</msg>
<arg>window.open("${href}", "_blank")</arg>
<doc>Executes the given JavaScript code with possible arguments.</doc>
<status status="PASS" start="2024-09-28T17:22:27.695404" elapsed="0.059553"/>
</kw>
<kw name="Switch Window" owner="SeleniumLibrary">
<arg>new</arg>
<doc>Switches to browser window matching ``locator``.</doc>
<status status="PASS" start="2024-09-28T17:22:27.754957" elapsed="0.016879"/>
</kw>
<kw name="Sleep" owner="BuiltIn">
<msg time="2024-09-28T17:22:30.772178" level="INFO">Slept 3 seconds.</msg>
<arg>3</arg>
<doc>Pauses the test executed for the given time.</doc>
<status status="PASS" start="2024-09-28T17:22:27.771836" elapsed="3.000342"/>
</kw>
<kw name="Get Location" owner="SeleniumLibrary">
<msg time="2024-09-28T17:22:33.315645" level="INFO">${current_url} = https://www.tulip.joinobit.com/</msg>
<var>${current_url}</var>
<doc>Returns the current browser window URL.</doc>
<status status="PASS" start="2024-09-28T17:22:30.772517" elapsed="2.543128"/>
</kw>
<kw name="Log" owner="BuiltIn">
<msg time="2024-09-28T17:22:33.315645" level="INFO">Current URL: https://www.tulip.joinobit.com/</msg>
<arg>Current URL: ${current_url}</arg>
<doc>Logs the given message with the given level.</doc>
<status status="PASS" start="2024-09-28T17:22:33.315645" elapsed="0.000000"/>
</kw>
<kw name="Should Contain" owner="BuiltIn">
<arg>${current_url}</arg>
<arg>${href}</arg>
<doc>Fails if ``container`` does not contain ``item`` one or more times.</doc>
<status status="PASS" start="2024-09-28T17:22:33.315645" elapsed="0.001012"/>
</kw>
<kw name="Close Window" owner="SeleniumLibrary">
<doc>Closes currently opened and selected browser window/tab.</doc>
<status status="PASS" start="2024-09-28T17:22:33.316657" elapsed="0.069711"/>
</kw>
<kw name="Switch Window" owner="SeleniumLibrary">
<arg>main</arg>
<doc>Switches to browser window matching ``locator``.</doc>
<status status="PASS" start="2024-09-28T17:22:33.386368" elapsed="0.012237"/>
</kw>
<var name="${link}">&lt;selenium.webdriver.remote.webelement.WebElement (session="ef7b8822baec55d84ee71af939c2a056", element="f.66B68A893DFB8E221CD4116EAE5FEB5A.d.C7C634C9769BFB66EA81512FBAD9F636.e.518")&gt;</var>
<status status="PASS" start="2024-09-28T17:22:27.685443" elapsed="5.713162"/>
</iter>
<iter>
<kw name="Get Element Attribute" owner="SeleniumLibrary">
<msg time="2024-09-28T17:22:33.406850" level="INFO">${href} = https://development.tulipcremation.com/login/</msg>
<var>${href}</var>
<arg>${link}</arg>
<arg>href</arg>
<doc>Returns the value of ``attribute`` from the element ``locator``.</doc>
<status status="PASS" start="2024-09-28T17:22:33.399554" elapsed="0.007296"/>
</kw>
<kw name="Log" owner="BuiltIn">
<msg time="2024-09-28T17:22:33.419348" level="INFO">Checking link: https://development.tulipcremation.com/login/</msg>
<arg>Checking link: ${href}</arg>
<doc>Logs the given message with the given level.</doc>
<status status="PASS" start="2024-09-28T17:22:33.418870" elapsed="0.000478"/>
</kw>
<if>
<branch type="IF" condition="'${href}'.startswith('tel:')">
<continue>
<status status="NOT RUN" start="2024-09-28T17:22:33.419941" elapsed="0.000000"/>
</continue>
<status status="NOT RUN" start="2024-09-28T17:22:33.419348" elapsed="0.000769"/>
</branch>
<status status="PASS" start="2024-09-28T17:22:33.419348" elapsed="0.000769"/>
</if>
<kw name="Execute Javascript" owner="SeleniumLibrary">
<msg time="2024-09-28T17:22:33.421263" level="INFO">Executing JavaScript:
window.open("https://development.tulipcremation.com/login/", "_blank")
Without any arguments.</msg>
<arg>window.open("${href}", "_blank")</arg>
<doc>Executes the given JavaScript code with possible arguments.</doc>
<status status="PASS" start="2024-09-28T17:22:33.420117" elapsed="0.056411"/>
</kw>
<kw name="Switch Window" owner="SeleniumLibrary">
<arg>new</arg>
<doc>Switches to browser window matching ``locator``.</doc>
<status status="PASS" start="2024-09-28T17:22:33.476528" elapsed="0.012406"/>
</kw>
<kw name="Sleep" owner="BuiltIn">
<msg time="2024-09-28T17:22:36.489596" level="INFO">Slept 3 seconds.</msg>
<arg>3</arg>
<doc>Pauses the test executed for the given time.</doc>
<status status="PASS" start="2024-09-28T17:22:33.488934" elapsed="3.000662"/>
</kw>
<kw name="Get Location" owner="SeleniumLibrary">
<msg time="2024-09-28T17:22:36.496672" level="INFO">${current_url} = https://development.tulipcremation.com/login/</msg>
<var>${current_url}</var>
<doc>Returns the current browser window URL.</doc>
<status status="PASS" start="2024-09-28T17:22:36.489596" elapsed="0.007076"/>
</kw>
<kw name="Log" owner="BuiltIn">
<msg time="2024-09-28T17:22:36.496672" level="INFO">Current URL: https://development.tulipcremation.com/login/</msg>
<arg>Current URL: ${current_url}</arg>
<doc>Logs the given message with the given level.</doc>
<status status="PASS" start="2024-09-28T17:22:36.496672" elapsed="0.000000"/>
</kw>
<kw name="Should Contain" owner="BuiltIn">
<arg>${current_url}</arg>
<arg>${href}</arg>
<doc>Fails if ``container`` does not contain ``item`` one or more times.</doc>
<status status="PASS" start="2024-09-28T17:22:36.496672" elapsed="0.000000"/>
</kw>
<kw name="Close Window" owner="SeleniumLibrary">
<doc>Closes currently opened and selected browser window/tab.</doc>
<status status="PASS" start="2024-09-28T17:22:36.496672" elapsed="0.074978"/>
</kw>
<kw name="Switch Window" owner="SeleniumLibrary">
<arg>main</arg>
<doc>Switches to browser window matching ``locator``.</doc>
<status status="PASS" start="2024-09-28T17:22:36.571650" elapsed="0.007940"/>
</kw>
<var name="${link}">&lt;selenium.webdriver.remote.webelement.WebElement (session="ef7b8822baec55d84ee71af939c2a056", element="f.66B68A893DFB8E221CD4116EAE5FEB5A.d.C7C634C9769BFB66EA81512FBAD9F636.e.523")&gt;</var>
<status status="PASS" start="2024-09-28T17:22:33.399554" elapsed="3.180036"/>
</iter>
<iter>
<kw name="Get Element Attribute" owner="SeleniumLibrary">
<msg time="2024-09-28T17:22:36.586633" level="INFO">${href} = https://development.tulipcremation.com/instant-quote/</msg>
<var>${href}</var>
<arg>${link}</arg>
<arg>href</arg>
<doc>Returns the value of ``attribute`` from the element ``locator``.</doc>
<status status="PASS" start="2024-09-28T17:22:36.580593" elapsed="0.006040"/>
</kw>
<kw name="Log" owner="BuiltIn">
<msg time="2024-09-28T17:22:36.599517" level="INFO">Checking link: https://development.tulipcremation.com/instant-quote/</msg>
<arg>Checking link: ${href}</arg>
<doc>Logs the given message with the given level.</doc>
<status status="PASS" start="2024-09-28T17:22:36.586633" elapsed="0.012884"/>
</kw>
<if>
<branch type="IF" condition="'${href}'.startswith('tel:')">
<continue>
<status status="NOT RUN" start="2024-09-28T17:22:36.599857" elapsed="0.000000"/>
</continue>
<status status="NOT RUN" start="2024-09-28T17:22:36.599517" elapsed="0.000340"/>
</branch>
<status status="PASS" start="2024-09-28T17:22:36.599517" elapsed="0.000340"/>
</if>
<kw name="Execute Javascript" owner="SeleniumLibrary">
<msg time="2024-09-28T17:22:36.600966" level="INFO">Executing JavaScript:
window.open("https://development.tulipcremation.com/instant-quote/", "_blank")
Without any arguments.</msg>
<arg>window.open("${href}", "_blank")</arg>
<doc>Executes the given JavaScript code with possible arguments.</doc>
<status status="PASS" start="2024-09-28T17:22:36.599857" elapsed="0.049904"/>
</kw>
<kw name="Switch Window" owner="SeleniumLibrary">
<arg>new</arg>
<doc>Switches to browser window matching ``locator``.</doc>
<status status="PASS" start="2024-09-28T17:22:36.649761" elapsed="0.015625"/>
</kw>
<kw name="Sleep" owner="BuiltIn">
<msg time="2024-09-28T17:22:39.665977" level="INFO">Slept 3 seconds.</msg>
<arg>3</arg>
<doc>Pauses the test executed for the given time.</doc>
<status status="PASS" start="2024-09-28T17:22:36.665386" elapsed="3.000591"/>
</kw>
<kw name="Get Location" owner="SeleniumLibrary">
<msg time="2024-09-28T17:22:39.679539" level="INFO">${current_url} = https://development.tulipcremation.com/instant-quote/</msg>
<var>${current_url}</var>
<doc>Returns the current browser window URL.</doc>
<status status="PASS" start="2024-09-28T17:22:39.665977" elapsed="0.013562"/>
</kw>
<kw name="Log" owner="BuiltIn">
<msg time="2024-09-28T17:22:39.679539" level="INFO">Current URL: https://development.tulipcremation.com/instant-quote/</msg>
<arg>Current URL: ${current_url}</arg>
<doc>Logs the given message with the given level.</doc>
<status status="PASS" start="2024-09-28T17:22:39.679539" elapsed="0.000000"/>
</kw>
<kw name="Should Contain" owner="BuiltIn">
<arg>${current_url}</arg>
<arg>${href}</arg>
<doc>Fails if ``container`` does not contain ``item`` one or more times.</doc>
<status status="PASS" start="2024-09-28T17:22:39.679539" elapsed="0.000000"/>
</kw>
<kw name="Close Window" owner="SeleniumLibrary">
<doc>Closes currently opened and selected browser window/tab.</doc>
<status status="PASS" start="2024-09-28T17:22:39.679539" elapsed="0.072135"/>
</kw>
<kw name="Switch Window" owner="SeleniumLibrary">
<arg>main</arg>
<doc>Switches to browser window matching ``locator``.</doc>
<status status="PASS" start="2024-09-28T17:22:39.751674" elapsed="0.001047"/>
</kw>
<var name="${link}">&lt;selenium.webdriver.remote.webelement.WebElement (session="ef7b8822baec55d84ee71af939c2a056", element="f.66B68A893DFB8E221CD4116EAE5FEB5A.d.C7C634C9769BFB66EA81512FBAD9F636.e.533")&gt;</var>
<status status="PASS" start="2024-09-28T17:22:36.579590" elapsed="3.173131"/>
</iter>
<iter>
<kw name="Get Element Attribute" owner="SeleniumLibrary">
<msg time="2024-09-28T17:22:39.772452" level="INFO">${href} = tel:8449424909</msg>
<var>${href}</var>
<arg>${link}</arg>
<arg>href</arg>
<doc>Returns the value of ``attribute`` from the element ``locator``.</doc>
<status status="PASS" start="2024-09-28T17:22:39.752721" elapsed="0.019731"/>
</kw>
<kw name="Log" owner="BuiltIn">
<msg time="2024-09-28T17:22:39.773452" level="INFO">Checking link: tel:8449424909</msg>
<arg>Checking link: ${href}</arg>
<doc>Logs the given message with the given level.</doc>
<status status="PASS" start="2024-09-28T17:22:39.773452" elapsed="0.000000"/>
</kw>
<if>
<branch type="IF" condition="'${href}'.startswith('tel:')">
<continue>
<status status="PASS" start="2024-09-28T17:22:39.773452" elapsed="0.001003"/>
</continue>
<status status="PASS" start="2024-09-28T17:22:39.773452" elapsed="0.001003"/>
</branch>
<status status="PASS" start="2024-09-28T17:22:39.773452" elapsed="0.001003"/>
</if>
<kw name="Execute Javascript" owner="SeleniumLibrary">
<arg>window.open("${href}", "_blank")</arg>
<doc>Executes the given JavaScript code with possible arguments.</doc>
<status status="NOT RUN" start="2024-09-28T17:22:39.774455" elapsed="0.000000"/>
</kw>
<kw name="Switch Window" owner="SeleniumLibrary">
<arg>new</arg>
<doc>Switches to browser window matching ``locator``.</doc>
<status status="NOT RUN" start="2024-09-28T17:22:39.774455" elapsed="0.000000"/>
</kw>
<kw name="Sleep" owner="BuiltIn">
<arg>3</arg>
<doc>Pauses the test executed for the given time.</doc>
<status status="NOT RUN" start="2024-09-28T17:22:39.774455" elapsed="0.000000"/>
</kw>
<kw name="Get Location" owner="SeleniumLibrary">
<var>${current_url}</var>
<doc>Returns the current browser window URL.</doc>
<status status="NOT RUN" start="2024-09-28T17:22:39.775493" elapsed="0.000000"/>
</kw>
<kw name="Log" owner="BuiltIn">
<arg>Current URL: ${current_url}</arg>
<doc>Logs the given message with the given level.</doc>
<status status="NOT RUN" start="2024-09-28T17:22:39.775493" elapsed="0.000000"/>
</kw>
<kw name="Should Contain" owner="BuiltIn">
<arg>${current_url}</arg>
<arg>${href}</arg>
<doc>Fails if ``container`` does not contain ``item`` one or more times.</doc>
<status status="NOT RUN" start="2024-09-28T17:22:39.775493" elapsed="0.000000"/>
</kw>
<kw name="Close Window" owner="SeleniumLibrary">
<doc>Closes currently opened and selected browser window/tab.</doc>
<status status="NOT RUN" start="2024-09-28T17:22:39.775493" elapsed="0.000000"/>
</kw>
<kw name="Switch Window" owner="SeleniumLibrary">
<arg>main</arg>
<doc>Switches to browser window matching ``locator``.</doc>
<status status="NOT RUN" start="2024-09-28T17:22:39.776457" elapsed="0.000000"/>
</kw>
<var name="${link}">&lt;selenium.webdriver.remote.webelement.WebElement (session="ef7b8822baec55d84ee71af939c2a056", element="f.66B68A893DFB8E221CD4116EAE5FEB5A.d.C7C634C9769BFB66EA81512FBAD9F636.e.537")&gt;</var>
<status status="PASS" start="2024-09-28T17:22:39.752721" elapsed="0.023736"/>
</iter>
<iter>
<kw name="Get Element Attribute" owner="SeleniumLibrary">
<msg time="2024-09-28T17:22:39.787144" level="INFO">${href} = tel:8449424909</msg>
<var>${href}</var>
<arg>${link}</arg>
<arg>href</arg>
<doc>Returns the value of ``attribute`` from the element ``locator``.</doc>
<status status="PASS" start="2024-09-28T17:22:39.776457" elapsed="0.010687"/>
</kw>
<kw name="Log" owner="BuiltIn">
<msg time="2024-09-28T17:22:39.787144" level="INFO">Checking link: tel:8449424909</msg>
<arg>Checking link: ${href}</arg>
<doc>Logs the given message with the given level.</doc>
<status status="PASS" start="2024-09-28T17:22:39.787144" elapsed="0.000000"/>
</kw>
<if>
<branch type="IF" condition="'${href}'.startswith('tel:')">
<continue>
<status status="PASS" start="2024-09-28T17:22:39.787144" elapsed="0.000000"/>
</continue>
<status status="PASS" start="2024-09-28T17:22:39.787144" elapsed="0.000000"/>
</branch>
<status status="PASS" start="2024-09-28T17:22:39.787144" elapsed="0.000000"/>
</if>
<kw name="Execute Javascript" owner="SeleniumLibrary">
<arg>window.open("${href}", "_blank")</arg>
<doc>Executes the given JavaScript code with possible arguments.</doc>
<status status="NOT RUN" start="2024-09-28T17:22:39.787144" elapsed="0.000000"/>
</kw>
<kw name="Switch Window" owner="SeleniumLibrary">
<arg>new</arg>
<doc>Switches to browser window matching ``locator``.</doc>
<status status="NOT RUN" start="2024-09-28T17:22:39.787144" elapsed="0.000000"/>
</kw>
<kw name="Sleep" owner="BuiltIn">
<arg>3</arg>
<doc>Pauses the test executed for the given time.</doc>
<status status="NOT RUN" start="2024-09-28T17:22:39.787144" elapsed="0.000000"/>
</kw>
<kw name="Get Location" owner="SeleniumLibrary">
<var>${current_url}</var>
<doc>Returns the current browser window URL.</doc>
<status status="NOT RUN" start="2024-09-28T17:22:39.787144" elapsed="0.000000"/>
</kw>
<kw name="Log" owner="BuiltIn">
<arg>Current URL: ${current_url}</arg>
<doc>Logs the given message with the given level.</doc>
<status status="NOT RUN" start="2024-09-28T17:22:39.787144" elapsed="0.000000"/>
</kw>
<kw name="Should Contain" owner="BuiltIn">
<arg>${current_url}</arg>
<arg>${href}</arg>
<doc>Fails if ``container`` does not contain ``item`` one or more times.</doc>
<status status="NOT RUN" start="2024-09-28T17:22:39.787144" elapsed="0.000000"/>
</kw>
<kw name="Close Window" owner="SeleniumLibrary">
<doc>Closes currently opened and selected browser window/tab.</doc>
<status status="NOT RUN" start="2024-09-28T17:22:39.787144" elapsed="0.000000"/>
</kw>
<kw name="Switch Window" owner="SeleniumLibrary">
<arg>main</arg>
<doc>Switches to browser window matching ``locator``.</doc>
<status status="NOT RUN" start="2024-09-28T17:22:39.787144" elapsed="0.000000"/>
</kw>
<var name="${link}">&lt;selenium.webdriver.remote.webelement.WebElement (session="ef7b8822baec55d84ee71af939c2a056", element="f.66B68A893DFB8E221CD4116EAE5FEB5A.d.C7C634C9769BFB66EA81512FBAD9F636.e.545")&gt;</var>
<status status="PASS" start="2024-09-28T17:22:39.776457" elapsed="0.010687"/>
</iter>
<iter>
<kw name="Get Element Attribute" owner="SeleniumLibrary">
<msg time="2024-09-28T17:22:39.801424" level="INFO">${href} = https://storefront:fpg2022@development.tulipcremation.com/#</msg>
<var>${href}</var>
<arg>${link}</arg>
<arg>href</arg>
<doc>Returns the value of ``attribute`` from the element ``locator``.</doc>
<status status="PASS" start="2024-09-28T17:22:39.787144" elapsed="0.014280"/>
</kw>
<kw name="Log" owner="BuiltIn">
<msg time="2024-09-28T17:22:39.801424" level="INFO">Checking link: https://storefront:fpg2022@development.tulipcremation.com/#</msg>
<arg>Checking link: ${href}</arg>
<doc>Logs the given message with the given level.</doc>
<status status="PASS" start="2024-09-28T17:22:39.801424" elapsed="0.000000"/>
</kw>
<if>
<branch type="IF" condition="'${href}'.startswith('tel:')">
<continue>
<status status="NOT RUN" start="2024-09-28T17:22:39.801424" elapsed="0.000000"/>
</continue>
<status status="NOT RUN" start="2024-09-28T17:22:39.801424" elapsed="0.000000"/>
</branch>
[...]
<status status="PASS" start="2024-09-28T17:27:10.991742" elapsed="0.331231"/>
</iter>
<iter>
<kw name="Press Keys" owner="SeleniumLibrary">
<msg time="2024-09-28T17:27:11.325012" level="INFO">Sending key(s) ('n',) to xpath://input[@id='dwfrm_address_quickFinder'] element.</msg>
<msg time="2024-09-28T17:27:11.615150" level="INFO">Sending key n</msg>
<arg>${quickAddressFinder}</arg>
<arg>${char}</arg>
<doc>Simulates the user pressing key(s) to an element or on the active browser.</doc>
<status status="PASS" start="2024-09-28T17:27:11.324258" elapsed="0.316896"/>
</kw>
<var name="${char}">n</var>
<status status="PASS" start="2024-09-28T17:27:11.324014" elapsed="0.317140"/>
</iter>
<iter>
<kw name="Press Keys" owner="SeleniumLibrary">
<msg time="2024-09-28T17:27:11.641154" level="INFO">Sending key(s) (' ',) to xpath://input[@id='dwfrm_address_quickFinder'] element.</msg>
<msg time="2024-09-28T17:27:11.945652" level="INFO">Sending key  </msg>
<arg>${quickAddressFinder}</arg>
<arg>${char}</arg>
<doc>Simulates the user pressing key(s) to an element or on the active browser.</doc>
<status status="PASS" start="2024-09-28T17:27:11.641154" elapsed="0.336490"/>
</kw>
<var name="${char}"> </var>
<status status="PASS" start="2024-09-28T17:27:11.641154" elapsed="0.336490"/>
</iter>
<iter>
<kw name="Press Keys" owner="SeleniumLibrary">
<msg time="2024-09-28T17:27:11.977644" level="INFO">Sending key(s) ('F',) to xpath://input[@id='dwfrm_address_quickFinder'] element.</msg>
<msg time="2024-09-28T17:27:12.285501" level="INFO">Sending key F</msg>
<arg>${quickAddressFinder}</arg>
<arg>${char}</arg>
<doc>Simulates the user pressing key(s) to an element or on the active browser.</doc>
<status status="PASS" start="2024-09-28T17:27:11.977644" elapsed="0.330169"/>
</kw>
<var name="${char}">F</var>
<status status="PASS" start="2024-09-28T17:27:11.977644" elapsed="0.330169"/>
</iter>
<iter>
<kw name="Press Keys" owner="SeleniumLibrary">
<msg time="2024-09-28T17:27:12.307813" level="INFO">Sending key(s) ('r',) to xpath://input[@id='dwfrm_address_quickFinder'] element.</msg>
<msg time="2024-09-28T17:27:12.631339" level="INFO">Sending key r</msg>
<arg>${quickAddressFinder}</arg>
<arg>${char}</arg>
<doc>Simulates the user pressing key(s) to an element or on the active browser.</doc>
<status status="PASS" start="2024-09-28T17:27:12.307813" elapsed="0.349831"/>
</kw>
<var name="${char}">r</var>
<status status="PASS" start="2024-09-28T17:27:12.307813" elapsed="0.349831"/>
</iter>
<iter>
<kw name="Press Keys" owner="SeleniumLibrary">
<msg time="2024-09-28T17:27:12.657644" level="INFO">Sending key(s) ('a',) to xpath://input[@id='dwfrm_address_quickFinder'] element.</msg>
<msg time="2024-09-28T17:27:12.964370" level="INFO">Sending key a</msg>
<arg>${quickAddressFinder}</arg>
<arg>${char}</arg>
<doc>Simulates the user pressing key(s) to an element or on the active browser.</doc>
<status status="PASS" start="2024-09-28T17:27:12.657644" elapsed="0.332128"/>
</kw>
<var name="${char}">a</var>
<status status="PASS" start="2024-09-28T17:27:12.657644" elapsed="0.332128"/>
</iter>
<iter>
<kw name="Press Keys" owner="SeleniumLibrary">
<msg time="2024-09-28T17:27:12.989772" level="INFO">Sending key(s) ('n',) to xpath://input[@id='dwfrm_address_quickFinder'] element.</msg>
<msg time="2024-09-28T17:27:13.296465" level="INFO">Sending key n</msg>
<arg>${quickAddressFinder}</arg>
<arg>${char}</arg>
<doc>Simulates the user pressing key(s) to an element or on the active browser.</doc>
<status status="PASS" start="2024-09-28T17:27:12.989772" elapsed="0.327751"/>
</kw>
<var name="${char}">n</var>
<status status="PASS" start="2024-09-28T17:27:12.989772" elapsed="0.327751"/>
</iter>
<iter>
<kw name="Press Keys" owner="SeleniumLibrary">
<msg time="2024-09-28T17:27:13.318534" level="INFO">Sending key(s) ('c',) to xpath://input[@id='dwfrm_address_quickFinder'] element.</msg>
<msg time="2024-09-28T17:27:13.617145" level="INFO">Sending key c</msg>
<arg>${quickAddressFinder}</arg>
<arg>${char}</arg>
<doc>Simulates the user pressing key(s) to an element or on the active browser.</doc>
<status status="PASS" start="2024-09-28T17:27:13.318534" elapsed="0.321388"/>
</kw>
<var name="${char}">c</var>
<status status="PASS" start="2024-09-28T17:27:13.317523" elapsed="0.322399"/>
</iter>
<iter>
<kw name="Press Keys" owner="SeleniumLibrary">
<msg time="2024-09-28T17:27:13.639922" level="INFO">Sending key(s) ('i',) to xpath://input[@id='dwfrm_address_quickFinder'] element.</msg>
<msg time="2024-09-28T17:27:13.949302" level="INFO">Sending key i</msg>
<arg>${quickAddressFinder}</arg>
<arg>${char}</arg>
<doc>Simulates the user pressing key(s) to an element or on the active browser.</doc>
<status status="PASS" start="2024-09-28T17:27:13.639922" elapsed="0.333903"/>
</kw>
<var name="${char}">i</var>
<status status="PASS" start="2024-09-28T17:27:13.639922" elapsed="0.333903"/>
</iter>
<iter>
<kw name="Press Keys" owner="SeleniumLibrary">
<msg time="2024-09-28T17:27:13.973825" level="INFO">Sending key(s) ('s',) to xpath://input[@id='dwfrm_address_quickFinder'] element.</msg>
<msg time="2024-09-28T17:27:14.279480" level="INFO">Sending key s</msg>
<arg>${quickAddressFinder}</arg>
<arg>${char}</arg>
<doc>Simulates the user pressing key(s) to an element or on the active browser.</doc>
<status status="PASS" start="2024-09-28T17:27:13.973825" elapsed="0.324858"/>
</kw>
<var name="${char}">s</var>
<status status="PASS" start="2024-09-28T17:27:13.973825" elapsed="0.324858"/>
</iter>
<iter>
<kw name="Press Keys" owner="SeleniumLibrary">
<msg time="2024-09-28T17:27:14.299699" level="INFO">Sending key(s) ('c',) to xpath://input[@id='dwfrm_address_quickFinder'] element.</msg>
<msg time="2024-09-28T17:27:14.608098" level="INFO">Sending key c</msg>
<arg>${quickAddressFinder}</arg>
<arg>${char}</arg>
<doc>Simulates the user pressing key(s) to an element or on the active browser.</doc>
<status status="PASS" start="2024-09-28T17:27:14.298683" elapsed="0.326897"/>
</kw>
<var name="${char}">c</var>
<status status="PASS" start="2024-09-28T17:27:14.298683" elapsed="0.326897"/>
</iter>
<iter>
<kw name="Press Keys" owner="SeleniumLibrary">
<msg time="2024-09-28T17:27:14.625580" level="INFO">Sending key(s) ('o',) to xpath://input[@id='dwfrm_address_quickFinder'] element.</msg>
<msg time="2024-09-28T17:27:14.930826" level="INFO">Sending key o</msg>
<arg>${quickAddressFinder}</arg>
<arg>${char}</arg>
<doc>Simulates the user pressing key(s) to an element or on the active browser.</doc>
<status status="PASS" start="2024-09-28T17:27:14.625580" elapsed="0.329771"/>
</kw>
<var name="${char}">o</var>
<status status="PASS" start="2024-09-28T17:27:14.625580" elapsed="0.329771"/>
</iter>
<iter>
<kw name="Press Keys" owner="SeleniumLibrary">
<msg time="2024-09-28T17:27:14.955351" level="INFO">Sending key(s) (',',) to xpath://input[@id='dwfrm_address_quickFinder'] element.</msg>
<msg time="2024-09-28T17:27:15.262158" level="INFO">Sending key ,</msg>
<arg>${quickAddressFinder}</arg>
<arg>${char}</arg>
<doc>Simulates the user pressing key(s) to an element or on the active browser.</doc>
<status status="PASS" start="2024-09-28T17:27:14.955351" elapsed="0.327073"/>
</kw>
<var name="${char}">,</var>
<status status="PASS" start="2024-09-28T17:27:14.955351" elapsed="0.327073"/>
</iter>
<iter>
<kw name="Press Keys" owner="SeleniumLibrary">
<msg time="2024-09-28T17:27:15.282424" level="INFO">Sending key(s) (' ',) to xpath://input[@id='dwfrm_address_quickFinder'] element.</msg>
<msg time="2024-09-28T17:27:15.580328" level="INFO">Sending key  </msg>
<arg>${quickAddressFinder}</arg>
<arg>${char}</arg>
<doc>Simulates the user pressing key(s) to an element or on the active browser.</doc>
<status status="PASS" start="2024-09-28T17:27:15.282424" elapsed="0.322175"/>
</kw>
<var name="${char}"> </var>
<status status="PASS" start="2024-09-28T17:27:15.282424" elapsed="0.322175"/>
</iter>
<iter>
<kw name="Press Keys" owner="SeleniumLibrary">
<msg time="2024-09-28T17:27:15.604599" level="INFO">Sending key(s) ('C',) to xpath://input[@id='dwfrm_address_quickFinder'] element.</msg>
<msg time="2024-09-28T17:27:15.906563" level="INFO">Sending key C</msg>
<arg>${quickAddressFinder}</arg>
<arg>${char}</arg>
<doc>Simulates the user pressing key(s) to an element or on the active browser.</doc>
<status status="PASS" start="2024-09-28T17:27:15.604599" elapsed="0.314303"/>
</kw>
<var name="${char}">C</var>
<status status="PASS" start="2024-09-28T17:27:15.604599" elapsed="0.314303"/>
</iter>
<iter>
<kw name="Press Keys" owner="SeleniumLibrary">
<msg time="2024-09-28T17:27:15.920059" level="INFO">Sending key(s) ('A',) to xpath://input[@id='dwfrm_address_quickFinder'] element.</msg>
<msg time="2024-09-28T17:27:16.232147" level="INFO">Sending key A</msg>
<arg>${quickAddressFinder}</arg>
<arg>${char}</arg>
<doc>Simulates the user pressing key(s) to an element or on the active browser.</doc>
<status status="PASS" start="2024-09-28T17:27:15.919766" elapsed="0.334906"/>
</kw>
<var name="${char}">A</var>
<status status="PASS" start="2024-09-28T17:27:15.918902" elapsed="0.335770"/>
</iter>
<iter>
<kw name="Press Keys" owner="SeleniumLibrary">
<msg time="2024-09-28T17:27:16.254672" level="INFO">Sending key(s) (' ',) to xpath://input[@id='dwfrm_address_quickFinder'] element.</msg>
<msg time="2024-09-28T17:27:16.576000" level="INFO">Sending key  </msg>
<arg>${quickAddressFinder}</arg>
<arg>${char}</arg>
<doc>Simulates the user pressing key(s) to an element or on the active browser.</doc>
<status status="PASS" start="2024-09-28T17:27:16.254672" elapsed="0.340316"/>
</kw>
<var name="${char}"> </var>
<status status="PASS" start="2024-09-28T17:27:16.254672" elapsed="0.340316"/>
</iter>
<iter>
<kw name="Press Keys" owner="SeleniumLibrary">
<msg time="2024-09-28T17:27:16.596004" level="INFO">Sending key(s) ('9',) to xpath://input[@id='dwfrm_address_quickFinder'] element.</msg>
<msg time="2024-09-28T17:27:16.909257" level="INFO">Sending key 9</msg>
<arg>${quickAddressFinder}</arg>
<arg>${char}</arg>
<doc>Simulates the user pressing key(s) to an element or on the active browser.</doc>
<status status="PASS" start="2024-09-28T17:27:16.596004" elapsed="0.329754"/>
</kw>
<var name="${char}">9</var>
<status status="PASS" start="2024-09-28T17:27:16.594988" elapsed="0.330770"/>
</iter>
<iter>
<kw name="Press Keys" owner="SeleniumLibrary">
<msg time="2024-09-28T17:27:16.925758" level="INFO">Sending key(s) ('4',) to xpath://input[@id='dwfrm_address_quickFinder'] element.</msg>
<msg time="2024-09-28T17:27:17.235091" level="INFO">Sending key 4</msg>
<arg>${quickAddressFinder}</arg>
<arg>${char}</arg>
<doc>Simulates the user pressing key(s) to an element or on the active browser.</doc>
<status status="PASS" start="2024-09-28T17:27:16.925758" elapsed="0.328055"/>
</kw>
<var name="${char}">4</var>
<status status="PASS" start="2024-09-28T17:27:16.925758" elapsed="0.328055"/>
</iter>
<iter>
<kw name="Press Keys" owner="SeleniumLibrary">
<msg time="2024-09-28T17:27:17.253813" level="INFO">Sending key(s) ('1',) to xpath://input[@id='dwfrm_address_quickFinder'] element.</msg>
<msg time="2024-09-28T17:27:17.576510" level="INFO">Sending key 1</msg>
<arg>${quickAddressFinder}</arg>
<arg>${char}</arg>
<doc>Simulates the user pressing key(s) to an element or on the active browser.</doc>
<status status="PASS" start="2024-09-28T17:27:17.253813" elapsed="0.343650"/>
</kw>
<var name="${char}">1</var>
<status status="PASS" start="2024-09-28T17:27:17.253813" elapsed="0.343650"/>
</iter>
<iter>
<kw name="Press Keys" owner="SeleniumLibrary">
<msg time="2024-09-28T17:27:17.598479" level="INFO">Sending key(s) ('0',) to xpath://input[@id='dwfrm_address_quickFinder'] element.</msg>
<msg time="2024-09-28T17:27:17.880705" level="INFO">Sending key 0</msg>
<arg>${quickAddressFinder}</arg>
<arg>${char}</arg>
<doc>Simulates the user pressing key(s) to an element or on the active browser.</doc>
<status status="PASS" start="2024-09-28T17:27:17.598479" elapsed="0.294881"/>
</kw>
<var name="${char}">0</var>
<status status="PASS" start="2024-09-28T17:27:17.597463" elapsed="0.295897"/>
</iter>
<iter>
<kw name="Press Keys" owner="SeleniumLibrary">
<msg time="2024-09-28T17:27:17.893360" level="INFO">Sending key(s) ('3',) to xpath://input[@id='dwfrm_address_quickFinder'] element.</msg>
<msg time="2024-09-28T17:27:18.217350" level="INFO">Sending key 3</msg>
<arg>${quickAddressFinder}</arg>
<arg>${char}</arg>
<doc>Simulates the user pressing key(s) to an element or on the active browser.</doc>
<status status="PASS" start="2024-09-28T17:27:17.893360" elapsed="0.343471"/>
</kw>
<var name="${char}">3</var>
<status status="PASS" start="2024-09-28T17:27:17.893360" elapsed="0.343471"/>
</iter>
<var>${char}</var>
<value>@{characters}</value>
<status status="PASS" start="2024-09-28T17:27:05.266452" elapsed="12.970379"/>
</for>
<kw name="Scroll Element Into View" owner="SeleniumLibrary">
<arg>${suggestion}</arg>
<doc>Scrolls the element identified by ``locator`` into view.</doc>
<status status="PASS" start="2024-09-28T17:27:18.236831" elapsed="0.300902"/>
</kw>
<kw name="Click Element" owner="SeleniumLibrary">
<msg time="2024-09-28T17:27:18.537733" level="INFO">Clicking element 'xpath://div[@class='pac-item']'.</msg>
<arg>${suggestion}</arg>
<doc>Click the element identified by ``locator``.</doc>
<status status="PASS" start="2024-09-28T17:27:18.537733" elapsed="0.065188"/>
</kw>
<kw name="Scroll Element Into View" owner="SeleniumLibrary">
<arg>${addressline1}</arg>
<doc>Scrolls the element identified by ``locator`` into view.</doc>
<status status="PASS" start="2024-09-28T17:27:18.602921" elapsed="0.302841"/>
</kw>
<kw name="Get Value" owner="SeleniumLibrary">
<msg time="2024-09-28T17:27:18.921503" level="INFO">${address_line_1_value} = 151 3rd Street</msg>
<var>${address_line_1_value}</var>
<arg>${addressline1}</arg>
<doc>Returns the value attribute of the element identified by ``locator``.</doc>
<status status="PASS" start="2024-09-28T17:27:18.906430" elapsed="0.015073"/>
</kw>
<kw name="Get Value" owner="SeleniumLibrary">
<msg time="2024-09-28T17:27:18.938165" level="INFO">${city_value} = San Francisco</msg>
<var>${city_value}</var>
<arg>${city}</arg>
<doc>Returns the value attribute of the element identified by ``locator``.</doc>
<status status="PASS" start="2024-09-28T17:27:18.921503" elapsed="0.016662"/>
</kw>
<kw name="Get Selected List Value" owner="SeleniumLibrary">
<msg time="2024-09-28T17:27:19.081401" level="INFO">${state_value} = CA</msg>
<var>${state_value}</var>
<arg>${state}</arg>
<doc>Returns the value of selected option from selection list ``locator``.</doc>
<status status="PASS" start="2024-09-28T17:27:18.938165" elapsed="0.143236"/>
</kw>
<kw name="Get Value" owner="SeleniumLibrary">
<msg time="2024-09-28T17:27:19.107757" level="INFO">${zipcode_value} = 94103</msg>
<var>${zipcode_value}</var>
<arg>${zipcode}</arg>
<doc>Returns the value attribute of the element identified by ``locator``.</doc>
<status status="PASS" start="2024-09-28T17:27:19.081401" elapsed="0.026356"/>
</kw>
<kw name="Catenate" owner="BuiltIn">
<msg time="2024-09-28T17:27:19.108861" level="INFO">${formatted_address} = 151 3rd Street, San Francisco, CA 94103</msg>
<var>${formatted_address}</var>
<arg>SEPARATOR=,</arg>
<arg>${address_line_1_value}, ${city_value}, ${state_value} ${zipcode_value}</arg>
<doc>Catenates the given items together and returns the resulted string.</doc>
<status status="PASS" start="2024-09-28T17:27:19.107757" elapsed="0.001104"/>
</kw>
<kw name="Scroll Element Into View" owner="SeleniumLibrary">
<arg>${saveaddressbutton}</arg>
<doc>Scrolls the element identified by ``locator`` into view.</doc>
<status status="PASS" start="2024-09-28T17:27:19.108861" elapsed="0.297737"/>
</kw>
<kw name="Click Element" owner="SeleniumLibrary">
<msg time="2024-09-28T17:27:19.406598" level="INFO">Clicking element 'xpath://button[@name='dwfrm_address_apply']'.</msg>
<arg>${saveaddressbutton}</arg>
<doc>Click the element identified by ``locator``.</doc>
<status status="PASS" start="2024-09-28T17:27:19.406598" elapsed="0.112611"/>
</kw>
<kw name="Sleep" owner="BuiltIn">
<msg time="2024-09-28T17:27:29.520807" level="INFO">Slept 10 seconds.</msg>
<arg>10s</arg>
<doc>Pauses the test executed for the given time.</doc>
<status status="PASS" start="2024-09-28T17:27:19.519209" elapsed="10.001598"/>
</kw>
<kw name="Get Location" owner="SeleniumLibrary">
<msg time="2024-09-28T17:27:29.520807" level="INFO">${currentRedirectedUrl} = https://development.tulipcremation.com/account/</msg>
<var>${currentRedirectedUrl}</var>
<doc>Returns the current browser window URL.</doc>
<status status="PASS" start="2024-09-28T17:27:29.520807" elapsed="0.000000"/>
</kw>
<kw name="Should Be Equal As Strings" owner="BuiltIn">
<arg>${currentRedirectedUrl}</arg>
<arg>${redirectExpectedUrl}</arg>
<doc>Fails if objects are unequal after converting them to strings.</doc>
<status status="PASS" start="2024-09-28T17:27:29.520807" elapsed="0.000000"/>
</kw>
<kw name="Scroll Element Into View" owner="SeleniumLibrary">
<arg>${oldAddressCard}</arg>
<doc>Scrolls the element identified by ``locator`` into view.</doc>
<status status="PASS" start="2024-09-28T17:27:29.520807" elapsed="0.317551"/>
</kw>
<kw name="Get Text" owner="SeleniumLibrary">
<msg time="2024-09-28T17:27:29.881032" level="INFO">${secondCardLine} = 151 3rd Street</msg>
<var>${secondCardLine}</var>
<arg>${secondAddressCardLine}</arg>
<doc>Returns the text value of the element identified by ``locator``.</doc>
<status status="PASS" start="2024-09-28T17:27:29.838358" elapsed="0.042674"/>
</kw>
<kw name="Get Text" owner="SeleniumLibrary">
<msg time="2024-09-28T17:27:29.904980" level="INFO">${thirdCardLine} = San Francisco, CA 94103</msg>
<var>${thirdCardLine}</var>
<arg>${thirdAddressCardLine}</arg>
<doc>Returns the text value of the element identified by ``locator``.</doc>
<status status="PASS" start="2024-09-28T17:27:29.881032" elapsed="0.023948"/>
</kw>
<kw name="Catenate" owner="BuiltIn">
<msg time="2024-09-28T17:27:29.906010" level="INFO">${newConcatenatedAddress} = 151 3rd Street, San Francisco, CA 94103</msg>
<var>${newConcatenatedAddress}</var>
<arg>SEPARATOR=,</arg>
<arg>${secondCardLine}, ${thirdCardLine}</arg>
<doc>Catenates the given items together and returns the resulted string.</doc>
<status status="PASS" start="2024-09-28T17:27:29.906010" elapsed="0.000000"/>
</kw>
<kw name="Should Be Equal As Strings" owner="BuiltIn">
<arg>${formatted_address}</arg>
<arg>${newConcatenatedAddress}</arg>
<doc>Fails if objects are unequal after converting them to strings.</doc>
<status status="PASS" start="2024-09-28T17:27:29.906010" elapsed="0.000000"/>
</kw>
<kw name="Log" owner="BuiltIn">
<msg time="2024-09-28T17:27:29.907977" level="INFO">Address Successfully changed back to: 151 3rd Street, San Francisco, CA 94103</msg>
<arg>Address Successfully changed back to: ${newConcatenatedAddress}</arg>
<doc>Logs the given message with the given level.</doc>
<status status="PASS" start="2024-09-28T17:27:29.906965" elapsed="0.001012"/>
</kw>
<status status="PASS" start="2024-09-28T17:26:39.398848" elapsed="50.509129"/>
</kw>
<status status="PASS" start="2024-09-28T17:26:36.308358" elapsed="53.599619"/>
</kw>
<kw name="End Web Test" owner="Common" type="TEARDOWN">
<kw name="Close All Browsers" owner="SeleniumLibrary">
<doc>Closes all open browsers and resets the browser cache.</doc>
<status status="PASS" start="2024-09-28T17:27:29.908724" elapsed="6.441719"/>
</kw>
<status status="PASS" start="2024-09-28T17:27:29.908724" elapsed="6.441719"/>
</kw>
<status status="PASS" start="2024-09-28T17:26:25.658409" elapsed="70.692034"/>
</test>
<status status="FAIL" start="2024-09-28T17:21:15.324465" elapsed="381.025978"/>
</suite>
<statistics>
<total>
<stat pass="8" fail="1" skip="0">All Tests</stat>
</total>
<tag>
</tag>
<suite>
<stat pass="8" fail="1" skip="0" id="s1" name="SmokeTest">SmokeTest</stat>
</suite>
</statistics>
<errors>
</errors>
</robot>
